<?xml version="1.0" encoding="UTF-8"?>
<!-- Generated by org.testng.reporters.JUnitReportReporter -->
<testsuite hostname="hp" failures="0" tests="1000" name="testNgFlags.Flag4" time="2.424" errors="0" timestamp="2023-03-30T22:43:15 IST" skipped="0">
  <testcase classname="testNgFlags.Flag4" name="ft" time="0.001"/>
  <system-out>
    <![CDATA[FTC is executing!!!]]>
  </system-out>
  <testcase classname="testNgFlags.Flag4" name="ft" time="0.002"/>
  <system-out>
    <![CDATA[FTC is executing!!!]]>
  </system-out>
  <testcase classname="testNgFlags.Flag4" name="ft" time="0.002"/>
  <system-out>
    <![CDATA[FTC is executing!!!]]>
  </system-out>
  <testcase classname="testNgFlags.Flag4" name="ft" time="0.002"/>
  <system-out>
    <![CDATA[FTC is executing!!!]]>
  </system-out>
  <testcase classname="testNgFlags.Flag4" name="ft" time="0.001"/>
  <system-out>
    <![CDATA[FTC is executing!!!]]>
  </system-out>
  <testcase classname="testNgFlags.Flag4" name="ft" time="0.001"/>
  <system-out>
    <![CDATA[FTC is executing!!!]]>
  </system-out>
  <testcase classname="testNgFlags.Flag4" name="ft" time="0.015"/>
  <system-out>
    <![CDATA[FTC is executing!!!]]>
  </system-out>
  <testcase classname="testNgFlags.Flag4" name="ft" time="0.001"/>
  <system-out>
    <![CDATA[FTC is executing!!!]]>
  </system-out>
  <testcase classname="testNgFlags.Flag4" name="ft" time="0.003"/>
  <system-out>
    <![CDATA[FTC is executing!!!]]>
  </system-out>
  <testcase classname="testNgFlags.Flag4" name="ft" time="0.001"/>
  <system-out>
    <![CDATA[FTC is executing!!!]]>
  </system-out>
  <testcase classname="testNgFlags.Flag4" name="ft" time="0.000"/>
  <system-out>
    <![CDATA[FTC is executing!!!]]>
  </system-out>
  <testcase classname="testNgFlags.Flag4" name="ft" time="0.000"/>
  <system-out>
    <![CDATA[FTC is executing!!!]]>
  </system-out>
  <testcase classname="testNgFlags.Flag4" name="ft" time="0.001"/>
  <system-out>
    <![CDATA[FTC is executing!!!]]>
  </system-out>
  <testcase classname="testNgFlags.Flag4" name="ft" time="0.001"/>
  <system-out>
    <![CDATA[FTC is executing!!!]]>
  </system-out>
  <testcase classname="testNgFlags.Flag4" name="ft" time="0.003"/>
  <system-out>
    <![CDATA[FTC is executing!!!]]>
  </system-out>
  <testcase classname="testNgFlags.Flag4" name="ft" time="0.001"/>
  <system-out>
    <![CDATA[FTC is executing!!!]]>
  </system-out>
  <testcase classname="testNgFlags.Flag4" name="ft" time="0.000"/>
  <system-out>
    <![CDATA[FTC is executing!!!]]>
  </system-out>
  <testcase classname="testNgFlags.Flag4" name="ft" time="0.012"/>
  <system-out>
    <![CDATA[FTC is executing!!!]]>
  </system-out>
  <testcase classname="testNgFlags.Flag4" name="ft" time="0.000"/>
  <system-out>
    <![CDATA[FTC is executing!!!]]>
  </system-out>
  <testcase classname="testNgFlags.Flag4" name="ft" time="0.002"/>
  <system-out>
    <![CDATA[FTC is executing!!!]]>
  </system-out>
  <testcase classname="testNgFlags.Flag4" name="ft" time="0.000"/>
  <system-out>
    <![CDATA[FTC is executing!!!]]>
  </system-out>
  <testcase classname="testNgFlags.Flag4" name="ft" time="0.001"/>
  <system-out>
    <![CDATA[FTC is executing!!!]]>
  </system-out>
  <testcase classname="testNgFlags.Flag4" name="ft" time="0.006"/>
  <system-out>
    <![CDATA[FTC is executing!!!]]>
  </system-out>
  <testcase classname="testNgFlags.Flag4" name="ft" time="0.001"/>
  <system-out>
    <![CDATA[FTC is executing!!!]]>
  </system-out>
  <testcase classname="testNgFlags.Flag4" name="ft" time="0.000"/>
  <system-out>
    <![CDATA[FTC is executing!!!]]>
  </system-out>
  <testcase classname="testNgFlags.Flag4" name="ft" time="0.002"/>
  <system-out>
    <![CDATA[FTC is executing!!!]]>
  </system-out>
  <testcase classname="testNgFlags.Flag4" name="ft" time="0.001"/>
  <system-out>
    <![CDATA[FTC is executing!!!]]>
  </system-out>
  <testcase classname="testNgFlags.Flag4" name="ft" time="0.000"/>
  <system-out>
    <![CDATA[FTC is executing!!!]]>
  </system-out>
  <testcase classname="testNgFlags.Flag4" name="ft" time="0.002"/>
  <system-out>
    <![CDATA[FTC is executing!!!]]>
  </system-out>
  <testcase classname="testNgFlags.Flag4" name="ft" time="0.003"/>
  <system-out>
    <![CDATA[FTC is executing!!!]]>
  </system-out>
  <testcase classname="testNgFlags.Flag4" name="ft" time="0.001"/>
  <system-out>
    <![CDATA[FTC is executing!!!]]>
  </system-out>
  <testcase classname="testNgFlags.Flag4" name="ft" time="0.001"/>
  <system-out>
    <![CDATA[FTC is executing!!!]]>
  </system-out>
  <testcase classname="testNgFlags.Flag4" name="ft" time="0.004"/>
  <system-out>
    <![CDATA[FTC is executing!!!]]>
  </system-out>
  <testcase classname="testNgFlags.Flag4" name="ft" time="0.001"/>
  <system-out>
    <![CDATA[FTC is executing!!!]]>
  </system-out>
  <testcase classname="testNgFlags.Flag4" name="ft" time="0.000"/>
  <system-out>
    <![CDATA[FTC is executing!!!]]>
  </system-out>
  <testcase classname="testNgFlags.Flag4" name="ft" time="0.002"/>
  <system-out>
    <![CDATA[FTC is executing!!!]]>
  </system-out>
  <testcase classname="testNgFlags.Flag4" name="ft" time="0.004"/>
  <system-out>
    <![CDATA[FTC is executing!!!]]>
  </system-out>
  <testcase classname="testNgFlags.Flag4" name="ft" time="0.002"/>
  <system-out>
    <![CDATA[FTC is executing!!!]]>
  </system-out>
  <testcase classname="testNgFlags.Flag4" name="ft" time="0.001"/>
  <system-out>
    <![CDATA[FTC is executing!!!]]>
  </system-out>
  <testcase classname="testNgFlags.Flag4" name="ft" time="0.002"/>
  <system-out>
    <![CDATA[FTC is executing!!!]]>
  </system-out>
  <testcase classname="testNgFlags.Flag4" name="ft" time="0.026"/>
  <system-out>
    <![CDATA[FTC is executing!!!]]>
  </system-out>
  <testcase classname="testNgFlags.Flag4" name="ft" time="0.006"/>
  <system-out>
    <![CDATA[FTC is executing!!!]]>
  </system-out>
  <testcase classname="testNgFlags.Flag4" name="ft" time="0.001"/>
  <system-out>
    <![CDATA[FTC is executing!!!]]>
  </system-out>
  <testcase classname="testNgFlags.Flag4" name="ft" time="0.001"/>
  <system-out>
    <![CDATA[FTC is executing!!!]]>
  </system-out>
  <testcase classname="testNgFlags.Flag4" name="ft" time="0.001"/>
  <system-out>
    <![CDATA[FTC is executing!!!]]>
  </system-out>
  <testcase classname="testNgFlags.Flag4" name="ft" time="0.004"/>
  <system-out>
    <![CDATA[FTC is executing!!!]]>
  </system-out>
  <testcase classname="testNgFlags.Flag4" name="ft" time="0.012"/>
  <system-out>
    <![CDATA[FTC is executing!!!]]>
  </system-out>
  <testcase classname="testNgFlags.Flag4" name="ft" time="0.000"/>
  <system-out>
    <![CDATA[FTC is executing!!!]]>
  </system-out>
  <testcase classname="testNgFlags.Flag4" name="ft" time="0.000"/>
  <system-out>
    <![CDATA[FTC is executing!!!]]>
  </system-out>
  <testcase classname="testNgFlags.Flag4" name="ft" time="0.006"/>
  <system-out>
    <![CDATA[FTC is executing!!!]]>
  </system-out>
  <testcase classname="testNgFlags.Flag4" name="ft" time="0.001"/>
  <system-out>
    <![CDATA[FTC is executing!!!]]>
  </system-out>
  <testcase classname="testNgFlags.Flag4" name="ft" time="0.001"/>
  <system-out>
    <![CDATA[FTC is executing!!!]]>
  </system-out>
  <testcase classname="testNgFlags.Flag4" name="ft" time="0.008"/>
  <system-out>
    <![CDATA[FTC is executing!!!]]>
  </system-out>
  <testcase classname="testNgFlags.Flag4" name="ft" time="0.001"/>
  <system-out>
    <![CDATA[FTC is executing!!!]]>
  </system-out>
  <testcase classname="testNgFlags.Flag4" name="ft" time="0.001"/>
  <system-out>
    <![CDATA[FTC is executing!!!]]>
  </system-out>
  <testcase classname="testNgFlags.Flag4" name="ft" time="0.001"/>
  <system-out>
    <![CDATA[FTC is executing!!!]]>
  </system-out>
  <testcase classname="testNgFlags.Flag4" name="ft" time="0.001"/>
  <system-out>
    <![CDATA[FTC is executing!!!]]>
  </system-out>
  <testcase classname="testNgFlags.Flag4" name="ft" time="0.001"/>
  <system-out>
    <![CDATA[FTC is executing!!!]]>
  </system-out>
  <testcase classname="testNgFlags.Flag4" name="ft" time="0.001"/>
  <system-out>
    <![CDATA[FTC is executing!!!]]>
  </system-out>
  <testcase classname="testNgFlags.Flag4" name="ft" time="0.000"/>
  <system-out>
    <![CDATA[FTC is executing!!!]]>
  </system-out>
  <testcase classname="testNgFlags.Flag4" name="ft" time="0.001"/>
  <system-out>
    <![CDATA[FTC is executing!!!]]>
  </system-out>
  <testcase classname="testNgFlags.Flag4" name="ft" time="0.001"/>
  <system-out>
    <![CDATA[FTC is executing!!!]]>
  </system-out>
  <testcase classname="testNgFlags.Flag4" name="ft" time="0.002"/>
  <system-out>
    <![CDATA[FTC is executing!!!]]>
  </system-out>
  <testcase classname="testNgFlags.Flag4" name="ft" time="0.001"/>
  <system-out>
    <![CDATA[FTC is executing!!!]]>
  </system-out>
  <testcase classname="testNgFlags.Flag4" name="ft" time="0.002"/>
  <system-out>
    <![CDATA[FTC is executing!!!]]>
  </system-out>
  <testcase classname="testNgFlags.Flag4" name="ft" time="0.002"/>
  <system-out>
    <![CDATA[FTC is executing!!!]]>
  </system-out>
  <testcase classname="testNgFlags.Flag4" name="ft" time="0.002"/>
  <system-out>
    <![CDATA[FTC is executing!!!]]>
  </system-out>
  <testcase classname="testNgFlags.Flag4" name="ft" time="0.003"/>
  <system-out>
    <![CDATA[FTC is executing!!!]]>
  </system-out>
  <testcase classname="testNgFlags.Flag4" name="ft" time="0.005"/>
  <system-out>
    <![CDATA[FTC is executing!!!]]>
  </system-out>
  <testcase classname="testNgFlags.Flag4" name="ft" time="0.000"/>
  <system-out>
    <![CDATA[FTC is executing!!!]]>
  </system-out>
  <testcase classname="testNgFlags.Flag4" name="ft" time="0.002"/>
  <system-out>
    <![CDATA[FTC is executing!!!]]>
  </system-out>
  <testcase classname="testNgFlags.Flag4" name="ft" time="0.003"/>
  <system-out>
    <![CDATA[FTC is executing!!!]]>
  </system-out>
  <testcase classname="testNgFlags.Flag4" name="ft" time="0.001"/>
  <system-out>
    <![CDATA[FTC is executing!!!]]>
  </system-out>
  <testcase classname="testNgFlags.Flag4" name="ft" time="0.001"/>
  <system-out>
    <![CDATA[FTC is executing!!!]]>
  </system-out>
  <testcase classname="testNgFlags.Flag4" name="ft" time="0.012"/>
  <system-out>
    <![CDATA[FTC is executing!!!]]>
  </system-out>
  <testcase classname="testNgFlags.Flag4" name="ft" time="0.001"/>
  <system-out>
    <![CDATA[FTC is executing!!!]]>
  </system-out>
  <testcase classname="testNgFlags.Flag4" name="ft" time="0.006"/>
  <system-out>
    <![CDATA[FTC is executing!!!]]>
  </system-out>
  <testcase classname="testNgFlags.Flag4" name="ft" time="0.000"/>
  <system-out>
    <![CDATA[FTC is executing!!!]]>
  </system-out>
  <testcase classname="testNgFlags.Flag4" name="ft" time="0.000"/>
  <system-out>
    <![CDATA[FTC is executing!!!]]>
  </system-out>
  <testcase classname="testNgFlags.Flag4" name="ft" time="0.000"/>
  <system-out>
    <![CDATA[FTC is executing!!!]]>
  </system-out>
  <testcase classname="testNgFlags.Flag4" name="ft" time="0.002"/>
  <system-out>
    <![CDATA[FTC is executing!!!]]>
  </system-out>
  <testcase classname="testNgFlags.Flag4" name="ft" time="0.001"/>
  <system-out>
    <![CDATA[FTC is executing!!!]]>
  </system-out>
  <testcase classname="testNgFlags.Flag4" name="ft" time="0.001"/>
  <system-out>
    <![CDATA[FTC is executing!!!]]>
  </system-out>
  <testcase classname="testNgFlags.Flag4" name="ft" time="0.000"/>
  <system-out>
    <![CDATA[FTC is executing!!!]]>
  </system-out>
  <testcase classname="testNgFlags.Flag4" name="ft" time="0.001"/>
  <system-out>
    <![CDATA[FTC is executing!!!]]>
  </system-out>
  <testcase classname="testNgFlags.Flag4" name="ft" time="0.000"/>
  <system-out>
    <![CDATA[FTC is executing!!!]]>
  </system-out>
  <testcase classname="testNgFlags.Flag4" name="ft" time="0.006"/>
  <system-out>
    <![CDATA[FTC is executing!!!]]>
  </system-out>
  <testcase classname="testNgFlags.Flag4" name="ft" time="0.001"/>
  <system-out>
    <![CDATA[FTC is executing!!!]]>
  </system-out>
  <testcase classname="testNgFlags.Flag4" name="ft" time="0.001"/>
  <system-out>
    <![CDATA[FTC is executing!!!]]>
  </system-out>
  <testcase classname="testNgFlags.Flag4" name="ft" time="0.001"/>
  <system-out>
    <![CDATA[FTC is executing!!!]]>
  </system-out>
  <testcase classname="testNgFlags.Flag4" name="ft" time="0.008"/>
  <system-out>
    <![CDATA[FTC is executing!!!]]>
  </system-out>
  <testcase classname="testNgFlags.Flag4" name="ft" time="0.001"/>
  <system-out>
    <![CDATA[FTC is executing!!!]]>
  </system-out>
  <testcase classname="testNgFlags.Flag4" name="ft" time="0.001"/>
  <system-out>
    <![CDATA[FTC is executing!!!]]>
  </system-out>
  <testcase classname="testNgFlags.Flag4" name="ft" time="0.001"/>
  <system-out>
    <![CDATA[FTC is executing!!!]]>
  </system-out>
  <testcase classname="testNgFlags.Flag4" name="ft" time="0.009"/>
  <system-out>
    <![CDATA[FTC is executing!!!]]>
  </system-out>
  <testcase classname="testNgFlags.Flag4" name="ft" time="0.001"/>
  <system-out>
    <![CDATA[FTC is executing!!!]]>
  </system-out>
  <testcase classname="testNgFlags.Flag4" name="ft" time="0.002"/>
  <system-out>
    <![CDATA[FTC is executing!!!]]>
  </system-out>
  <testcase classname="testNgFlags.Flag4" name="ft" time="0.001"/>
  <system-out>
    <![CDATA[FTC is executing!!!]]>
  </system-out>
  <testcase classname="testNgFlags.Flag4" name="ft" time="0.006"/>
  <system-out>
    <![CDATA[FTC is executing!!!]]>
  </system-out>
  <testcase classname="testNgFlags.Flag4" name="ft" time="0.001"/>
  <system-out>
    <![CDATA[FTC is executing!!!]]>
  </system-out>
  <testcase classname="testNgFlags.Flag4" name="ft" time="0.007"/>
  <system-out>
    <![CDATA[FTC is executing!!!]]>
  </system-out>
  <testcase classname="testNgFlags.Flag4" name="ft" time="0.002"/>
  <system-out>
    <![CDATA[FTC is executing!!!]]>
  </system-out>
  <testcase classname="testNgFlags.Flag4" name="ft" time="0.001"/>
  <system-out>
    <![CDATA[FTC is executing!!!]]>
  </system-out>
  <testcase classname="testNgFlags.Flag4" name="ft" time="0.001"/>
  <system-out>
    <![CDATA[FTC is executing!!!]]>
  </system-out>
  <testcase classname="testNgFlags.Flag4" name="ft" time="0.001"/>
  <system-out>
    <![CDATA[FTC is executing!!!]]>
  </system-out>
  <testcase classname="testNgFlags.Flag4" name="ft" time="0.000"/>
  <system-out>
    <![CDATA[FTC is executing!!!]]>
  </system-out>
  <testcase classname="testNgFlags.Flag4" name="ft" time="0.004"/>
  <system-out>
    <![CDATA[FTC is executing!!!]]>
  </system-out>
  <testcase classname="testNgFlags.Flag4" name="ft" time="0.000"/>
  <system-out>
    <![CDATA[FTC is executing!!!]]>
  </system-out>
  <testcase classname="testNgFlags.Flag4" name="ft" time="0.001"/>
  <system-out>
    <![CDATA[FTC is executing!!!]]>
  </system-out>
  <testcase classname="testNgFlags.Flag4" name="ft" time="0.001"/>
  <system-out>
    <![CDATA[FTC is executing!!!]]>
  </system-out>
  <testcase classname="testNgFlags.Flag4" name="ft" time="0.001"/>
  <system-out>
    <![CDATA[FTC is executing!!!]]>
  </system-out>
  <testcase classname="testNgFlags.Flag4" name="ft" time="0.001"/>
  <system-out>
    <![CDATA[FTC is executing!!!]]>
  </system-out>
  <testcase classname="testNgFlags.Flag4" name="ft" time="0.003"/>
  <system-out>
    <![CDATA[FTC is executing!!!]]>
  </system-out>
  <testcase classname="testNgFlags.Flag4" name="ft" time="0.001"/>
  <system-out>
    <![CDATA[FTC is executing!!!]]>
  </system-out>
  <testcase classname="testNgFlags.Flag4" name="ft" time="0.001"/>
  <system-out>
    <![CDATA[FTC is executing!!!]]>
  </system-out>
  <testcase classname="testNgFlags.Flag4" name="ft" time="0.001"/>
  <system-out>
    <![CDATA[FTC is executing!!!]]>
  </system-out>
  <testcase classname="testNgFlags.Flag4" name="ft" time="0.000"/>
  <system-out>
    <![CDATA[FTC is executing!!!]]>
  </system-out>
  <testcase classname="testNgFlags.Flag4" name="ft" time="0.000"/>
  <system-out>
    <![CDATA[FTC is executing!!!]]>
  </system-out>
  <testcase classname="testNgFlags.Flag4" name="ft" time="0.002"/>
  <system-out>
    <![CDATA[FTC is executing!!!]]>
  </system-out>
  <testcase classname="testNgFlags.Flag4" name="ft" time="0.000"/>
  <system-out>
    <![CDATA[FTC is executing!!!]]>
  </system-out>
  <testcase classname="testNgFlags.Flag4" name="ft" time="0.003"/>
  <system-out>
    <![CDATA[FTC is executing!!!]]>
  </system-out>
  <testcase classname="testNgFlags.Flag4" name="ft" time="0.002"/>
  <system-out>
    <![CDATA[FTC is executing!!!]]>
  </system-out>
  <testcase classname="testNgFlags.Flag4" name="ft" time="0.001"/>
  <system-out>
    <![CDATA[FTC is executing!!!]]>
  </system-out>
  <testcase classname="testNgFlags.Flag4" name="ft" time="0.001"/>
  <system-out>
    <![CDATA[FTC is executing!!!]]>
  </system-out>
  <testcase classname="testNgFlags.Flag4" name="ft" time="0.001"/>
  <system-out>
    <![CDATA[FTC is executing!!!]]>
  </system-out>
  <testcase classname="testNgFlags.Flag4" name="ft" time="0.009"/>
  <system-out>
    <![CDATA[FTC is executing!!!]]>
  </system-out>
  <testcase classname="testNgFlags.Flag4" name="ft" time="0.002"/>
  <system-out>
    <![CDATA[FTC is executing!!!]]>
  </system-out>
  <testcase classname="testNgFlags.Flag4" name="ft" time="0.001"/>
  <system-out>
    <![CDATA[FTC is executing!!!]]>
  </system-out>
  <testcase classname="testNgFlags.Flag4" name="ft" time="0.000"/>
  <system-out>
    <![CDATA[FTC is executing!!!]]>
  </system-out>
  <testcase classname="testNgFlags.Flag4" name="ft" time="0.000"/>
  <system-out>
    <![CDATA[FTC is executing!!!]]>
  </system-out>
  <testcase classname="testNgFlags.Flag4" name="ft" time="0.000"/>
  <system-out>
    <![CDATA[FTC is executing!!!]]>
  </system-out>
  <testcase classname="testNgFlags.Flag4" name="ft" time="0.001"/>
  <system-out>
    <![CDATA[FTC is executing!!!]]>
  </system-out>
  <testcase classname="testNgFlags.Flag4" name="ft" time="0.008"/>
  <system-out>
    <![CDATA[FTC is executing!!!]]>
  </system-out>
  <testcase classname="testNgFlags.Flag4" name="ft" time="0.001"/>
  <system-out>
    <![CDATA[FTC is executing!!!]]>
  </system-out>
  <testcase classname="testNgFlags.Flag4" name="ft" time="0.001"/>
  <system-out>
    <![CDATA[FTC is executing!!!]]>
  </system-out>
  <testcase classname="testNgFlags.Flag4" name="ft" time="0.001"/>
  <system-out>
    <![CDATA[FTC is executing!!!]]>
  </system-out>
  <testcase classname="testNgFlags.Flag4" name="ft" time="0.002"/>
  <system-out>
    <![CDATA[FTC is executing!!!]]>
  </system-out>
  <testcase classname="testNgFlags.Flag4" name="ft" time="0.000"/>
  <system-out>
    <![CDATA[FTC is executing!!!]]>
  </system-out>
  <testcase classname="testNgFlags.Flag4" name="ft" time="0.001"/>
  <system-out>
    <![CDATA[FTC is executing!!!]]>
  </system-out>
  <testcase classname="testNgFlags.Flag4" name="ft" time="0.000"/>
  <system-out>
    <![CDATA[FTC is executing!!!]]>
  </system-out>
  <testcase classname="testNgFlags.Flag4" name="ft" time="0.000"/>
  <system-out>
    <![CDATA[FTC is executing!!!]]>
  </system-out>
  <testcase classname="testNgFlags.Flag4" name="ft" time="0.000"/>
  <system-out>
    <![CDATA[FTC is executing!!!]]>
  </system-out>
  <testcase classname="testNgFlags.Flag4" name="ft" time="0.001"/>
  <system-out>
    <![CDATA[FTC is executing!!!]]>
  </system-out>
  <testcase classname="testNgFlags.Flag4" name="ft" time="0.000"/>
  <system-out>
    <![CDATA[FTC is executing!!!]]>
  </system-out>
  <testcase classname="testNgFlags.Flag4" name="ft" time="0.001"/>
  <system-out>
    <![CDATA[FTC is executing!!!]]>
  </system-out>
  <testcase classname="testNgFlags.Flag4" name="ft" time="0.007"/>
  <system-out>
    <![CDATA[FTC is executing!!!]]>
  </system-out>
  <testcase classname="testNgFlags.Flag4" name="ft" time="0.002"/>
  <system-out>
    <![CDATA[FTC is executing!!!]]>
  </system-out>
  <testcase classname="testNgFlags.Flag4" name="ft" time="0.001"/>
  <system-out>
    <![CDATA[FTC is executing!!!]]>
  </system-out>
  <testcase classname="testNgFlags.Flag4" name="ft" time="0.000"/>
  <system-out>
    <![CDATA[FTC is executing!!!]]>
  </system-out>
  <testcase classname="testNgFlags.Flag4" name="ft" time="0.000"/>
  <system-out>
    <![CDATA[FTC is executing!!!]]>
  </system-out>
  <testcase classname="testNgFlags.Flag4" name="ft" time="0.001"/>
  <system-out>
    <![CDATA[FTC is executing!!!]]>
  </system-out>
  <testcase classname="testNgFlags.Flag4" name="ft" time="0.001"/>
  <system-out>
    <![CDATA[FTC is executing!!!]]>
  </system-out>
  <testcase classname="testNgFlags.Flag4" name="ft" time="0.002"/>
  <system-out>
    <![CDATA[FTC is executing!!!]]>
  </system-out>
  <testcase classname="testNgFlags.Flag4" name="ft" time="0.012"/>
  <system-out>
    <![CDATA[FTC is executing!!!]]>
  </system-out>
  <testcase classname="testNgFlags.Flag4" name="ft" time="0.001"/>
  <system-out>
    <![CDATA[FTC is executing!!!]]>
  </system-out>
  <testcase classname="testNgFlags.Flag4" name="ft" time="0.001"/>
  <system-out>
    <![CDATA[FTC is executing!!!]]>
  </system-out>
  <testcase classname="testNgFlags.Flag4" name="ft" time="0.001"/>
  <system-out>
    <![CDATA[FTC is executing!!!]]>
  </system-out>
  <testcase classname="testNgFlags.Flag4" name="ft" time="0.000"/>
  <system-out>
    <![CDATA[FTC is executing!!!]]>
  </system-out>
  <testcase classname="testNgFlags.Flag4" name="ft" time="0.002"/>
  <system-out>
    <![CDATA[FTC is executing!!!]]>
  </system-out>
  <testcase classname="testNgFlags.Flag4" name="ft" time="0.003"/>
  <system-out>
    <![CDATA[FTC is executing!!!]]>
  </system-out>
  <testcase classname="testNgFlags.Flag4" name="ft" time="0.000"/>
  <system-out>
    <![CDATA[FTC is executing!!!]]>
  </system-out>
  <testcase classname="testNgFlags.Flag4" name="ft" time="0.001"/>
  <system-out>
    <![CDATA[FTC is executing!!!]]>
  </system-out>
  <testcase classname="testNgFlags.Flag4" name="ft" time="0.002"/>
  <system-out>
    <![CDATA[FTC is executing!!!]]>
  </system-out>
  <testcase classname="testNgFlags.Flag4" name="ft" time="0.001"/>
  <system-out>
    <![CDATA[FTC is executing!!!]]>
  </system-out>
  <testcase classname="testNgFlags.Flag4" name="ft" time="0.000"/>
  <system-out>
    <![CDATA[FTC is executing!!!]]>
  </system-out>
  <testcase classname="testNgFlags.Flag4" name="ft" time="0.000"/>
  <system-out>
    <![CDATA[FTC is executing!!!]]>
  </system-out>
  <testcase classname="testNgFlags.Flag4" name="ft" time="0.003"/>
  <system-out>
    <![CDATA[FTC is executing!!!]]>
  </system-out>
  <testcase classname="testNgFlags.Flag4" name="ft" time="0.001"/>
  <system-out>
    <![CDATA[FTC is executing!!!]]>
  </system-out>
  <testcase classname="testNgFlags.Flag4" name="ft" time="0.000"/>
  <system-out>
    <![CDATA[FTC is executing!!!]]>
  </system-out>
  <testcase classname="testNgFlags.Flag4" name="ft" time="0.002"/>
  <system-out>
    <![CDATA[FTC is executing!!!]]>
  </system-out>
  <testcase classname="testNgFlags.Flag4" name="ft" time="0.001"/>
  <system-out>
    <![CDATA[FTC is executing!!!]]>
  </system-out>
  <testcase classname="testNgFlags.Flag4" name="ft" time="0.003"/>
  <system-out>
    <![CDATA[FTC is executing!!!]]>
  </system-out>
  <testcase classname="testNgFlags.Flag4" name="ft" time="0.000"/>
  <system-out>
    <![CDATA[FTC is executing!!!]]>
  </system-out>
  <testcase classname="testNgFlags.Flag4" name="ft" time="0.001"/>
  <system-out>
    <![CDATA[FTC is executing!!!]]>
  </system-out>
  <testcase classname="testNgFlags.Flag4" name="ft" time="0.000"/>
  <system-out>
    <![CDATA[FTC is executing!!!]]>
  </system-out>
  <testcase classname="testNgFlags.Flag4" name="ft" time="0.001"/>
  <system-out>
    <![CDATA[FTC is executing!!!]]>
  </system-out>
  <testcase classname="testNgFlags.Flag4" name="ft" time="0.002"/>
  <system-out>
    <![CDATA[FTC is executing!!!]]>
  </system-out>
  <testcase classname="testNgFlags.Flag4" name="ft" time="0.002"/>
  <system-out>
    <![CDATA[FTC is executing!!!]]>
  </system-out>
  <testcase classname="testNgFlags.Flag4" name="ft" time="0.001"/>
  <system-out>
    <![CDATA[FTC is executing!!!]]>
  </system-out>
  <testcase classname="testNgFlags.Flag4" name="ft" time="0.003"/>
  <system-out>
    <![CDATA[FTC is executing!!!]]>
  </system-out>
  <testcase classname="testNgFlags.Flag4" name="ft" time="0.000"/>
  <system-out>
    <![CDATA[FTC is executing!!!]]>
  </system-out>
  <testcase classname="testNgFlags.Flag4" name="ft" time="0.000"/>
  <system-out>
    <![CDATA[FTC is executing!!!]]>
  </system-out>
  <testcase classname="testNgFlags.Flag4" name="ft" time="0.000"/>
  <system-out>
    <![CDATA[FTC is executing!!!]]>
  </system-out>
  <testcase classname="testNgFlags.Flag4" name="ft" time="0.001"/>
  <system-out>
    <![CDATA[FTC is executing!!!]]>
  </system-out>
  <testcase classname="testNgFlags.Flag4" name="ft" time="0.006"/>
  <system-out>
    <![CDATA[FTC is executing!!!]]>
  </system-out>
  <testcase classname="testNgFlags.Flag4" name="ft" time="0.002"/>
  <system-out>
    <![CDATA[FTC is executing!!!]]>
  </system-out>
  <testcase classname="testNgFlags.Flag4" name="ft" time="0.002"/>
  <system-out>
    <![CDATA[FTC is executing!!!]]>
  </system-out>
  <testcase classname="testNgFlags.Flag4" name="ft" time="0.003"/>
  <system-out>
    <![CDATA[FTC is executing!!!]]>
  </system-out>
  <testcase classname="testNgFlags.Flag4" name="ft" time="0.002"/>
  <system-out>
    <![CDATA[FTC is executing!!!]]>
  </system-out>
  <testcase classname="testNgFlags.Flag4" name="ft" time="0.002"/>
  <system-out>
    <![CDATA[FTC is executing!!!]]>
  </system-out>
  <testcase classname="testNgFlags.Flag4" name="ft" time="0.008"/>
  <system-out>
    <![CDATA[FTC is executing!!!]]>
  </system-out>
  <testcase classname="testNgFlags.Flag4" name="ft" time="0.002"/>
  <system-out>
    <![CDATA[FTC is executing!!!]]>
  </system-out>
  <testcase classname="testNgFlags.Flag4" name="ft" time="0.001"/>
  <system-out>
    <![CDATA[FTC is executing!!!]]>
  </system-out>
  <testcase classname="testNgFlags.Flag4" name="ft" time="0.002"/>
  <system-out>
    <![CDATA[FTC is executing!!!]]>
  </system-out>
  <testcase classname="testNgFlags.Flag4" name="ft" time="0.001"/>
  <system-out>
    <![CDATA[FTC is executing!!!]]>
  </system-out>
  <testcase classname="testNgFlags.Flag4" name="ft" time="0.000"/>
  <system-out>
    <![CDATA[FTC is executing!!!]]>
  </system-out>
  <testcase classname="testNgFlags.Flag4" name="ft" time="0.000"/>
  <system-out>
    <![CDATA[FTC is executing!!!]]>
  </system-out>
  <testcase classname="testNgFlags.Flag4" name="ft" time="0.001"/>
  <system-out>
    <![CDATA[FTC is executing!!!]]>
  </system-out>
  <testcase classname="testNgFlags.Flag4" name="ft" time="0.003"/>
  <system-out>
    <![CDATA[FTC is executing!!!]]>
  </system-out>
  <testcase classname="testNgFlags.Flag4" name="ft" time="0.001"/>
  <system-out>
    <![CDATA[FTC is executing!!!]]>
  </system-out>
  <testcase classname="testNgFlags.Flag4" name="ft" time="0.001"/>
  <system-out>
    <![CDATA[FTC is executing!!!]]>
  </system-out>
  <testcase classname="testNgFlags.Flag4" name="ft" time="0.007"/>
  <system-out>
    <![CDATA[FTC is executing!!!]]>
  </system-out>
  <testcase classname="testNgFlags.Flag4" name="ft" time="0.004"/>
  <system-out>
    <![CDATA[FTC is executing!!!]]>
  </system-out>
  <testcase classname="testNgFlags.Flag4" name="ft" time="0.007"/>
  <system-out>
    <![CDATA[FTC is executing!!!]]>
  </system-out>
  <testcase classname="testNgFlags.Flag4" name="ft" time="0.001"/>
  <system-out>
    <![CDATA[FTC is executing!!!]]>
  </system-out>
  <testcase classname="testNgFlags.Flag4" name="ft" time="0.028"/>
  <system-out>
    <![CDATA[FTC is executing!!!]]>
  </system-out>
  <testcase classname="testNgFlags.Flag4" name="ft" time="0.008"/>
  <system-out>
    <![CDATA[FTC is executing!!!]]>
  </system-out>
  <testcase classname="testNgFlags.Flag4" name="ft" time="0.001"/>
  <system-out>
    <![CDATA[FTC is executing!!!]]>
  </system-out>
  <testcase classname="testNgFlags.Flag4" name="ft" time="0.002"/>
  <system-out>
    <![CDATA[FTC is executing!!!]]>
  </system-out>
  <testcase classname="testNgFlags.Flag4" name="ft" time="0.005"/>
  <system-out>
    <![CDATA[FTC is executing!!!]]>
  </system-out>
  <testcase classname="testNgFlags.Flag4" name="ft" time="0.001"/>
  <system-out>
    <![CDATA[FTC is executing!!!]]>
  </system-out>
  <testcase classname="testNgFlags.Flag4" name="ft" time="0.000"/>
  <system-out>
    <![CDATA[FTC is executing!!!]]>
  </system-out>
  <testcase classname="testNgFlags.Flag4" name="ft" time="0.001"/>
  <system-out>
    <![CDATA[FTC is executing!!!]]>
  </system-out>
  <testcase classname="testNgFlags.Flag4" name="ft" time="0.000"/>
  <system-out>
    <![CDATA[FTC is executing!!!]]>
  </system-out>
  <testcase classname="testNgFlags.Flag4" name="ft" time="0.002"/>
  <system-out>
    <![CDATA[FTC is executing!!!]]>
  </system-out>
  <testcase classname="testNgFlags.Flag4" name="ft" time="0.001"/>
  <system-out>
    <![CDATA[FTC is executing!!!]]>
  </system-out>
  <testcase classname="testNgFlags.Flag4" name="ft" time="0.001"/>
  <system-out>
    <![CDATA[FTC is executing!!!]]>
  </system-out>
  <testcase classname="testNgFlags.Flag4" name="ft" time="0.001"/>
  <system-out>
    <![CDATA[FTC is executing!!!]]>
  </system-out>
  <testcase classname="testNgFlags.Flag4" name="ft" time="0.007"/>
  <system-out>
    <![CDATA[FTC is executing!!!]]>
  </system-out>
  <testcase classname="testNgFlags.Flag4" name="ft" time="0.001"/>
  <system-out>
    <![CDATA[FTC is executing!!!]]>
  </system-out>
  <testcase classname="testNgFlags.Flag4" name="ft" time="0.001"/>
  <system-out>
    <![CDATA[FTC is executing!!!]]>
  </system-out>
  <testcase classname="testNgFlags.Flag4" name="ft" time="0.001"/>
  <system-out>
    <![CDATA[FTC is executing!!!]]>
  </system-out>
  <testcase classname="testNgFlags.Flag4" name="ft" time="0.020"/>
  <system-out>
    <![CDATA[FTC is executing!!!]]>
  </system-out>
  <testcase classname="testNgFlags.Flag4" name="ft" time="0.005"/>
  <system-out>
    <![CDATA[FTC is executing!!!]]>
  </system-out>
  <testcase classname="testNgFlags.Flag4" name="ft" time="0.000"/>
  <system-out>
    <![CDATA[FTC is executing!!!]]>
  </system-out>
  <testcase classname="testNgFlags.Flag4" name="ft" time="0.003"/>
  <system-out>
    <![CDATA[FTC is executing!!!]]>
  </system-out>
  <testcase classname="testNgFlags.Flag4" name="ft" time="0.001"/>
  <system-out>
    <![CDATA[FTC is executing!!!]]>
  </system-out>
  <testcase classname="testNgFlags.Flag4" name="ft" time="0.004"/>
  <system-out>
    <![CDATA[FTC is executing!!!]]>
  </system-out>
  <testcase classname="testNgFlags.Flag4" name="ft" time="0.005"/>
  <system-out>
    <![CDATA[FTC is executing!!!]]>
  </system-out>
  <testcase classname="testNgFlags.Flag4" name="ft" time="0.003"/>
  <system-out>
    <![CDATA[FTC is executing!!!]]>
  </system-out>
  <testcase classname="testNgFlags.Flag4" name="ft" time="0.025"/>
  <system-out>
    <![CDATA[FTC is executing!!!]]>
  </system-out>
  <testcase classname="testNgFlags.Flag4" name="ft" time="0.001"/>
  <system-out>
    <![CDATA[FTC is executing!!!]]>
  </system-out>
  <testcase classname="testNgFlags.Flag4" name="ft" time="0.001"/>
  <system-out>
    <![CDATA[FTC is executing!!!]]>
  </system-out>
  <testcase classname="testNgFlags.Flag4" name="ft" time="0.015"/>
  <system-out>
    <![CDATA[FTC is executing!!!]]>
  </system-out>
  <testcase classname="testNgFlags.Flag4" name="ft" time="0.000"/>
  <system-out>
    <![CDATA[FTC is executing!!!]]>
  </system-out>
  <testcase classname="testNgFlags.Flag4" name="ft" time="0.003"/>
  <system-out>
    <![CDATA[FTC is executing!!!]]>
  </system-out>
  <testcase classname="testNgFlags.Flag4" name="ft" time="0.003"/>
  <system-out>
    <![CDATA[FTC is executing!!!]]>
  </system-out>
  <testcase classname="testNgFlags.Flag4" name="ft" time="0.000"/>
  <system-out>
    <![CDATA[FTC is executing!!!]]>
  </system-out>
  <testcase classname="testNgFlags.Flag4" name="ft" time="0.013"/>
  <system-out>
    <![CDATA[FTC is executing!!!]]>
  </system-out>
  <testcase classname="testNgFlags.Flag4" name="ft" time="0.000"/>
  <system-out>
    <![CDATA[FTC is executing!!!]]>
  </system-out>
  <testcase classname="testNgFlags.Flag4" name="ft" time="0.001"/>
  <system-out>
    <![CDATA[FTC is executing!!!]]>
  </system-out>
  <testcase classname="testNgFlags.Flag4" name="ft" time="0.000"/>
  <system-out>
    <![CDATA[FTC is executing!!!]]>
  </system-out>
  <testcase classname="testNgFlags.Flag4" name="ft" time="0.001"/>
  <system-out>
    <![CDATA[FTC is executing!!!]]>
  </system-out>
  <testcase classname="testNgFlags.Flag4" name="ft" time="0.001"/>
  <system-out>
    <![CDATA[FTC is executing!!!]]>
  </system-out>
  <testcase classname="testNgFlags.Flag4" name="ft" time="0.007"/>
  <system-out>
    <![CDATA[FTC is executing!!!]]>
  </system-out>
  <testcase classname="testNgFlags.Flag4" name="ft" time="0.001"/>
  <system-out>
    <![CDATA[FTC is executing!!!]]>
  </system-out>
  <testcase classname="testNgFlags.Flag4" name="ft" time="0.003"/>
  <system-out>
    <![CDATA[FTC is executing!!!]]>
  </system-out>
  <testcase classname="testNgFlags.Flag4" name="ft" time="0.000"/>
  <system-out>
    <![CDATA[FTC is executing!!!]]>
  </system-out>
  <testcase classname="testNgFlags.Flag4" name="ft" time="0.004"/>
  <system-out>
    <![CDATA[FTC is executing!!!]]>
  </system-out>
  <testcase classname="testNgFlags.Flag4" name="ft" time="0.000"/>
  <system-out>
    <![CDATA[FTC is executing!!!]]>
  </system-out>
  <testcase classname="testNgFlags.Flag4" name="ft" time="0.004"/>
  <system-out>
    <![CDATA[FTC is executing!!!]]>
  </system-out>
  <testcase classname="testNgFlags.Flag4" name="ft" time="0.001"/>
  <system-out>
    <![CDATA[FTC is executing!!!]]>
  </system-out>
  <testcase classname="testNgFlags.Flag4" name="ft" time="0.004"/>
  <system-out>
    <![CDATA[FTC is executing!!!]]>
  </system-out>
  <testcase classname="testNgFlags.Flag4" name="ft" time="0.001"/>
  <system-out>
    <![CDATA[FTC is executing!!!]]>
  </system-out>
  <testcase classname="testNgFlags.Flag4" name="ft" time="0.001"/>
  <system-out>
    <![CDATA[FTC is executing!!!]]>
  </system-out>
  <testcase classname="testNgFlags.Flag4" name="ft" time="0.015"/>
  <system-out>
    <![CDATA[FTC is executing!!!]]>
  </system-out>
  <testcase classname="testNgFlags.Flag4" name="ft" time="0.001"/>
  <system-out>
    <![CDATA[FTC is executing!!!]]>
  </system-out>
  <testcase classname="testNgFlags.Flag4" name="ft" time="0.002"/>
  <system-out>
    <![CDATA[FTC is executing!!!]]>
  </system-out>
  <testcase classname="testNgFlags.Flag4" name="ft" time="0.001"/>
  <system-out>
    <![CDATA[FTC is executing!!!]]>
  </system-out>
  <testcase classname="testNgFlags.Flag4" name="ft" time="0.001"/>
  <system-out>
    <![CDATA[FTC is executing!!!]]>
  </system-out>
  <testcase classname="testNgFlags.Flag4" name="ft" time="0.001"/>
  <system-out>
    <![CDATA[FTC is executing!!!]]>
  </system-out>
  <testcase classname="testNgFlags.Flag4" name="ft" time="0.013"/>
  <system-out>
    <![CDATA[FTC is executing!!!]]>
  </system-out>
  <testcase classname="testNgFlags.Flag4" name="ft" time="0.007"/>
  <system-out>
    <![CDATA[FTC is executing!!!]]>
  </system-out>
  <testcase classname="testNgFlags.Flag4" name="ft" time="0.000"/>
  <system-out>
    <![CDATA[FTC is executing!!!]]>
  </system-out>
  <testcase classname="testNgFlags.Flag4" name="ft" time="0.003"/>
  <system-out>
    <![CDATA[FTC is executing!!!]]>
  </system-out>
  <testcase classname="testNgFlags.Flag4" name="ft" time="0.001"/>
  <system-out>
    <![CDATA[FTC is executing!!!]]>
  </system-out>
  <testcase classname="testNgFlags.Flag4" name="ft" time="0.000"/>
  <system-out>
    <![CDATA[FTC is executing!!!]]>
  </system-out>
  <testcase classname="testNgFlags.Flag4" name="ft" time="0.000"/>
  <system-out>
    <![CDATA[FTC is executing!!!]]>
  </system-out>
  <testcase classname="testNgFlags.Flag4" name="ft" time="0.001"/>
  <system-out>
    <![CDATA[FTC is executing!!!]]>
  </system-out>
  <testcase classname="testNgFlags.Flag4" name="ft" time="0.002"/>
  <system-out>
    <![CDATA[FTC is executing!!!]]>
  </system-out>
  <testcase classname="testNgFlags.Flag4" name="ft" time="0.001"/>
  <system-out>
    <![CDATA[FTC is executing!!!]]>
  </system-out>
  <testcase classname="testNgFlags.Flag4" name="ft" time="0.001"/>
  <system-out>
    <![CDATA[FTC is executing!!!]]>
  </system-out>
  <testcase classname="testNgFlags.Flag4" name="ft" time="0.001"/>
  <system-out>
    <![CDATA[FTC is executing!!!]]>
  </system-out>
  <testcase classname="testNgFlags.Flag4" name="ft" time="0.001"/>
  <system-out>
    <![CDATA[FTC is executing!!!]]>
  </system-out>
  <testcase classname="testNgFlags.Flag4" name="ft" time="0.001"/>
  <system-out>
    <![CDATA[FTC is executing!!!]]>
  </system-out>
  <testcase classname="testNgFlags.Flag4" name="ft" time="0.001"/>
  <system-out>
    <![CDATA[FTC is executing!!!]]>
  </system-out>
  <testcase classname="testNgFlags.Flag4" name="ft" time="0.002"/>
  <system-out>
    <![CDATA[FTC is executing!!!]]>
  </system-out>
  <testcase classname="testNgFlags.Flag4" name="ft" time="0.005"/>
  <system-out>
    <![CDATA[FTC is executing!!!]]>
  </system-out>
  <testcase classname="testNgFlags.Flag4" name="ft" time="0.001"/>
  <system-out>
    <![CDATA[FTC is executing!!!]]>
  </system-out>
  <testcase classname="testNgFlags.Flag4" name="ft" time="0.001"/>
  <system-out>
    <![CDATA[FTC is executing!!!]]>
  </system-out>
  <testcase classname="testNgFlags.Flag4" name="ft" time="0.001"/>
  <system-out>
    <![CDATA[FTC is executing!!!]]>
  </system-out>
  <testcase classname="testNgFlags.Flag4" name="ft" time="0.001"/>
  <system-out>
    <![CDATA[FTC is executing!!!]]>
  </system-out>
  <testcase classname="testNgFlags.Flag4" name="ft" time="0.001"/>
  <system-out>
    <![CDATA[FTC is executing!!!]]>
  </system-out>
  <testcase classname="testNgFlags.Flag4" name="ft" time="0.000"/>
  <system-out>
    <![CDATA[FTC is executing!!!]]>
  </system-out>
  <testcase classname="testNgFlags.Flag4" name="ft" time="0.001"/>
  <system-out>
    <![CDATA[FTC is executing!!!]]>
  </system-out>
  <testcase classname="testNgFlags.Flag4" name="ft" time="0.001"/>
  <system-out>
    <![CDATA[FTC is executing!!!]]>
  </system-out>
  <testcase classname="testNgFlags.Flag4" name="ft" time="0.001"/>
  <system-out>
    <![CDATA[FTC is executing!!!]]>
  </system-out>
  <testcase classname="testNgFlags.Flag4" name="ft" time="0.000"/>
  <system-out>
    <![CDATA[FTC is executing!!!]]>
  </system-out>
  <testcase classname="testNgFlags.Flag4" name="ft" time="0.001"/>
  <system-out>
    <![CDATA[FTC is executing!!!]]>
  </system-out>
  <testcase classname="testNgFlags.Flag4" name="ft" time="0.008"/>
  <system-out>
    <![CDATA[FTC is executing!!!]]>
  </system-out>
  <testcase classname="testNgFlags.Flag4" name="ft" time="0.001"/>
  <system-out>
    <![CDATA[FTC is executing!!!]]>
  </system-out>
  <testcase classname="testNgFlags.Flag4" name="ft" time="0.000"/>
  <system-out>
    <![CDATA[FTC is executing!!!]]>
  </system-out>
  <testcase classname="testNgFlags.Flag4" name="ft" time="0.000"/>
  <system-out>
    <![CDATA[FTC is executing!!!]]>
  </system-out>
  <testcase classname="testNgFlags.Flag4" name="ft" time="0.001"/>
  <system-out>
    <![CDATA[FTC is executing!!!]]>
  </system-out>
  <testcase classname="testNgFlags.Flag4" name="ft" time="0.002"/>
  <system-out>
    <![CDATA[FTC is executing!!!]]>
  </system-out>
  <testcase classname="testNgFlags.Flag4" name="ft" time="0.000"/>
  <system-out>
    <![CDATA[FTC is executing!!!]]>
  </system-out>
  <testcase classname="testNgFlags.Flag4" name="ft" time="0.001"/>
  <system-out>
    <![CDATA[FTC is executing!!!]]>
  </system-out>
  <testcase classname="testNgFlags.Flag4" name="ft" time="0.001"/>
  <system-out>
    <![CDATA[FTC is executing!!!]]>
  </system-out>
  <testcase classname="testNgFlags.Flag4" name="ft" time="0.002"/>
  <system-out>
    <![CDATA[FTC is executing!!!]]>
  </system-out>
  <testcase classname="testNgFlags.Flag4" name="ft" time="0.004"/>
  <system-out>
    <![CDATA[FTC is executing!!!]]>
  </system-out>
  <testcase classname="testNgFlags.Flag4" name="ft" time="0.001"/>
  <system-out>
    <![CDATA[FTC is executing!!!]]>
  </system-out>
  <testcase classname="testNgFlags.Flag4" name="ft" time="0.001"/>
  <system-out>
    <![CDATA[FTC is executing!!!]]>
  </system-out>
  <testcase classname="testNgFlags.Flag4" name="ft" time="0.001"/>
  <system-out>
    <![CDATA[FTC is executing!!!]]>
  </system-out>
  <testcase classname="testNgFlags.Flag4" name="ft" time="0.000"/>
  <system-out>
    <![CDATA[FTC is executing!!!]]>
  </system-out>
  <testcase classname="testNgFlags.Flag4" name="ft" time="0.014"/>
  <system-out>
    <![CDATA[FTC is executing!!!]]>
  </system-out>
  <testcase classname="testNgFlags.Flag4" name="ft" time="0.001"/>
  <system-out>
    <![CDATA[FTC is executing!!!]]>
  </system-out>
  <testcase classname="testNgFlags.Flag4" name="ft" time="0.002"/>
  <system-out>
    <![CDATA[FTC is executing!!!]]>
  </system-out>
  <testcase classname="testNgFlags.Flag4" name="ft" time="0.003"/>
  <system-out>
    <![CDATA[FTC is executing!!!]]>
  </system-out>
  <testcase classname="testNgFlags.Flag4" name="ft" time="0.002"/>
  <system-out>
    <![CDATA[FTC is executing!!!]]>
  </system-out>
  <testcase classname="testNgFlags.Flag4" name="ft" time="0.001"/>
  <system-out>
    <![CDATA[FTC is executing!!!]]>
  </system-out>
  <testcase classname="testNgFlags.Flag4" name="ft" time="0.002"/>
  <system-out>
    <![CDATA[FTC is executing!!!]]>
  </system-out>
  <testcase classname="testNgFlags.Flag4" name="ft" time="0.001"/>
  <system-out>
    <![CDATA[FTC is executing!!!]]>
  </system-out>
  <testcase classname="testNgFlags.Flag4" name="ft" time="0.004"/>
  <system-out>
    <![CDATA[FTC is executing!!!]]>
  </system-out>
  <testcase classname="testNgFlags.Flag4" name="ft" time="0.001"/>
  <system-out>
    <![CDATA[FTC is executing!!!]]>
  </system-out>
  <testcase classname="testNgFlags.Flag4" name="ft" time="0.000"/>
  <system-out>
    <![CDATA[FTC is executing!!!]]>
  </system-out>
  <testcase classname="testNgFlags.Flag4" name="ft" time="0.005"/>
  <system-out>
    <![CDATA[FTC is executing!!!]]>
  </system-out>
  <testcase classname="testNgFlags.Flag4" name="ft" time="0.001"/>
  <system-out>
    <![CDATA[FTC is executing!!!]]>
  </system-out>
  <testcase classname="testNgFlags.Flag4" name="ft" time="0.000"/>
  <system-out>
    <![CDATA[FTC is executing!!!]]>
  </system-out>
  <testcase classname="testNgFlags.Flag4" name="ft" time="0.005"/>
  <system-out>
    <![CDATA[FTC is executing!!!]]>
  </system-out>
  <testcase classname="testNgFlags.Flag4" name="ft" time="0.001"/>
  <system-out>
    <![CDATA[FTC is executing!!!]]>
  </system-out>
  <testcase classname="testNgFlags.Flag4" name="ft" time="0.000"/>
  <system-out>
    <![CDATA[FTC is executing!!!]]>
  </system-out>
  <testcase classname="testNgFlags.Flag4" name="ft" time="0.001"/>
  <system-out>
    <![CDATA[FTC is executing!!!]]>
  </system-out>
  <testcase classname="testNgFlags.Flag4" name="ft" time="0.001"/>
  <system-out>
    <![CDATA[FTC is executing!!!]]>
  </system-out>
  <testcase classname="testNgFlags.Flag4" name="ft" time="0.002"/>
  <system-out>
    <![CDATA[FTC is executing!!!]]>
  </system-out>
  <testcase classname="testNgFlags.Flag4" name="ft" time="0.002"/>
  <system-out>
    <![CDATA[FTC is executing!!!]]>
  </system-out>
  <testcase classname="testNgFlags.Flag4" name="ft" time="0.001"/>
  <system-out>
    <![CDATA[FTC is executing!!!]]>
  </system-out>
  <testcase classname="testNgFlags.Flag4" name="ft" time="0.004"/>
  <system-out>
    <![CDATA[FTC is executing!!!]]>
  </system-out>
  <testcase classname="testNgFlags.Flag4" name="ft" time="0.001"/>
  <system-out>
    <![CDATA[FTC is executing!!!]]>
  </system-out>
  <testcase classname="testNgFlags.Flag4" name="ft" time="0.003"/>
  <system-out>
    <![CDATA[FTC is executing!!!]]>
  </system-out>
  <testcase classname="testNgFlags.Flag4" name="ft" time="0.003"/>
  <system-out>
    <![CDATA[FTC is executing!!!]]>
  </system-out>
  <testcase classname="testNgFlags.Flag4" name="ft" time="0.001"/>
  <system-out>
    <![CDATA[FTC is executing!!!]]>
  </system-out>
  <testcase classname="testNgFlags.Flag4" name="ft" time="0.001"/>
  <system-out>
    <![CDATA[FTC is executing!!!]]>
  </system-out>
  <testcase classname="testNgFlags.Flag4" name="ft" time="0.001"/>
  <system-out>
    <![CDATA[FTC is executing!!!]]>
  </system-out>
  <testcase classname="testNgFlags.Flag4" name="ft" time="0.002"/>
  <system-out>
    <![CDATA[FTC is executing!!!]]>
  </system-out>
  <testcase classname="testNgFlags.Flag4" name="ft" time="0.001"/>
  <system-out>
    <![CDATA[FTC is executing!!!]]>
  </system-out>
  <testcase classname="testNgFlags.Flag4" name="ft" time="0.002"/>
  <system-out>
    <![CDATA[FTC is executing!!!]]>
  </system-out>
  <testcase classname="testNgFlags.Flag4" name="ft" time="0.000"/>
  <system-out>
    <![CDATA[FTC is executing!!!]]>
  </system-out>
  <testcase classname="testNgFlags.Flag4" name="ft" time="0.004"/>
  <system-out>
    <![CDATA[FTC is executing!!!]]>
  </system-out>
  <testcase classname="testNgFlags.Flag4" name="ft" time="0.015"/>
  <system-out>
    <![CDATA[FTC is executing!!!]]>
  </system-out>
  <testcase classname="testNgFlags.Flag4" name="ft" time="0.006"/>
  <system-out>
    <![CDATA[FTC is executing!!!]]>
  </system-out>
  <testcase classname="testNgFlags.Flag4" name="ft" time="0.015"/>
  <system-out>
    <![CDATA[FTC is executing!!!]]>
  </system-out>
  <testcase classname="testNgFlags.Flag4" name="ft" time="0.001"/>
  <system-out>
    <![CDATA[FTC is executing!!!]]>
  </system-out>
  <testcase classname="testNgFlags.Flag4" name="ft" time="0.000"/>
  <system-out>
    <![CDATA[FTC is executing!!!]]>
  </system-out>
  <testcase classname="testNgFlags.Flag4" name="ft" time="0.000"/>
  <system-out>
    <![CDATA[FTC is executing!!!]]>
  </system-out>
  <testcase classname="testNgFlags.Flag4" name="ft" time="0.001"/>
  <system-out>
    <![CDATA[FTC is executing!!!]]>
  </system-out>
  <testcase classname="testNgFlags.Flag4" name="ft" time="0.000"/>
  <system-out>
    <![CDATA[FTC is executing!!!]]>
  </system-out>
  <testcase classname="testNgFlags.Flag4" name="ft" time="0.001"/>
  <system-out>
    <![CDATA[FTC is executing!!!]]>
  </system-out>
  <testcase classname="testNgFlags.Flag4" name="ft" time="0.003"/>
  <system-out>
    <![CDATA[FTC is executing!!!]]>
  </system-out>
  <testcase classname="testNgFlags.Flag4" name="ft" time="0.003"/>
  <system-out>
    <![CDATA[FTC is executing!!!]]>
  </system-out>
  <testcase classname="testNgFlags.Flag4" name="ft" time="0.001"/>
  <system-out>
    <![CDATA[FTC is executing!!!]]>
  </system-out>
  <testcase classname="testNgFlags.Flag4" name="ft" time="0.001"/>
  <system-out>
    <![CDATA[FTC is executing!!!]]>
  </system-out>
  <testcase classname="testNgFlags.Flag4" name="ft" time="0.000"/>
  <system-out>
    <![CDATA[FTC is executing!!!]]>
  </system-out>
  <testcase classname="testNgFlags.Flag4" name="ft" time="0.002"/>
  <system-out>
    <![CDATA[FTC is executing!!!]]>
  </system-out>
  <testcase classname="testNgFlags.Flag4" name="ft" time="0.001"/>
  <system-out>
    <![CDATA[FTC is executing!!!]]>
  </system-out>
  <testcase classname="testNgFlags.Flag4" name="ft" time="0.006"/>
  <system-out>
    <![CDATA[FTC is executing!!!]]>
  </system-out>
  <testcase classname="testNgFlags.Flag4" name="ft" time="0.001"/>
  <system-out>
    <![CDATA[FTC is executing!!!]]>
  </system-out>
  <testcase classname="testNgFlags.Flag4" name="ft" time="0.002"/>
  <system-out>
    <![CDATA[FTC is executing!!!]]>
  </system-out>
  <testcase classname="testNgFlags.Flag4" name="ft" time="0.001"/>
  <system-out>
    <![CDATA[FTC is executing!!!]]>
  </system-out>
  <testcase classname="testNgFlags.Flag4" name="ft" time="0.036"/>
  <system-out>
    <![CDATA[FTC is executing!!!]]>
  </system-out>
  <testcase classname="testNgFlags.Flag4" name="ft" time="0.000"/>
  <system-out>
    <![CDATA[FTC is executing!!!]]>
  </system-out>
  <testcase classname="testNgFlags.Flag4" name="ft" time="0.001"/>
  <system-out>
    <![CDATA[FTC is executing!!!]]>
  </system-out>
  <testcase classname="testNgFlags.Flag4" name="ft" time="0.001"/>
  <system-out>
    <![CDATA[FTC is executing!!!]]>
  </system-out>
  <testcase classname="testNgFlags.Flag4" name="ft" time="0.000"/>
  <system-out>
    <![CDATA[FTC is executing!!!]]>
  </system-out>
  <testcase classname="testNgFlags.Flag4" name="ft" time="0.001"/>
  <system-out>
    <![CDATA[FTC is executing!!!]]>
  </system-out>
  <testcase classname="testNgFlags.Flag4" name="ft" time="0.001"/>
  <system-out>
    <![CDATA[FTC is executing!!!]]>
  </system-out>
  <testcase classname="testNgFlags.Flag4" name="ft" time="0.011"/>
  <system-out>
    <![CDATA[FTC is executing!!!]]>
  </system-out>
  <testcase classname="testNgFlags.Flag4" name="ft" time="0.001"/>
  <system-out>
    <![CDATA[FTC is executing!!!]]>
  </system-out>
  <testcase classname="testNgFlags.Flag4" name="ft" time="0.000"/>
  <system-out>
    <![CDATA[FTC is executing!!!]]>
  </system-out>
  <testcase classname="testNgFlags.Flag4" name="ft" time="0.001"/>
  <system-out>
    <![CDATA[FTC is executing!!!]]>
  </system-out>
  <testcase classname="testNgFlags.Flag4" name="ft" time="0.002"/>
  <system-out>
    <![CDATA[FTC is executing!!!]]>
  </system-out>
  <testcase classname="testNgFlags.Flag4" name="ft" time="0.000"/>
  <system-out>
    <![CDATA[FTC is executing!!!]]>
  </system-out>
  <testcase classname="testNgFlags.Flag4" name="ft" time="0.001"/>
  <system-out>
    <![CDATA[FTC is executing!!!]]>
  </system-out>
  <testcase classname="testNgFlags.Flag4" name="ft" time="0.002"/>
  <system-out>
    <![CDATA[FTC is executing!!!]]>
  </system-out>
  <testcase classname="testNgFlags.Flag4" name="ft" time="0.002"/>
  <system-out>
    <![CDATA[FTC is executing!!!]]>
  </system-out>
  <testcase classname="testNgFlags.Flag4" name="ft" time="0.005"/>
  <system-out>
    <![CDATA[FTC is executing!!!]]>
  </system-out>
  <testcase classname="testNgFlags.Flag4" name="ft" time="0.003"/>
  <system-out>
    <![CDATA[FTC is executing!!!]]>
  </system-out>
  <testcase classname="testNgFlags.Flag4" name="ft" time="0.000"/>
  <system-out>
    <![CDATA[FTC is executing!!!]]>
  </system-out>
  <testcase classname="testNgFlags.Flag4" name="ft" time="0.003"/>
  <system-out>
    <![CDATA[FTC is executing!!!]]>
  </system-out>
  <testcase classname="testNgFlags.Flag4" name="ft" time="0.001"/>
  <system-out>
    <![CDATA[FTC is executing!!!]]>
  </system-out>
  <testcase classname="testNgFlags.Flag4" name="ft" time="0.004"/>
  <system-out>
    <![CDATA[FTC is executing!!!]]>
  </system-out>
  <testcase classname="testNgFlags.Flag4" name="ft" time="0.001"/>
  <system-out>
    <![CDATA[FTC is executing!!!]]>
  </system-out>
  <testcase classname="testNgFlags.Flag4" name="ft" time="0.002"/>
  <system-out>
    <![CDATA[FTC is executing!!!]]>
  </system-out>
  <testcase classname="testNgFlags.Flag4" name="ft" time="0.007"/>
  <system-out>
    <![CDATA[FTC is executing!!!]]>
  </system-out>
  <testcase classname="testNgFlags.Flag4" name="ft" time="0.000"/>
  <system-out>
    <![CDATA[FTC is executing!!!]]>
  </system-out>
  <testcase classname="testNgFlags.Flag4" name="ft" time="0.001"/>
  <system-out>
    <![CDATA[FTC is executing!!!]]>
  </system-out>
  <testcase classname="testNgFlags.Flag4" name="ft" time="0.002"/>
  <system-out>
    <![CDATA[FTC is executing!!!]]>
  </system-out>
  <testcase classname="testNgFlags.Flag4" name="ft" time="0.002"/>
  <system-out>
    <![CDATA[FTC is executing!!!]]>
  </system-out>
  <testcase classname="testNgFlags.Flag4" name="ft" time="0.001"/>
  <system-out>
    <![CDATA[FTC is executing!!!]]>
  </system-out>
  <testcase classname="testNgFlags.Flag4" name="ft" time="0.001"/>
  <system-out>
    <![CDATA[FTC is executing!!!]]>
  </system-out>
  <testcase classname="testNgFlags.Flag4" name="ft" time="0.001"/>
  <system-out>
    <![CDATA[FTC is executing!!!]]>
  </system-out>
  <testcase classname="testNgFlags.Flag4" name="ft" time="0.001"/>
  <system-out>
    <![CDATA[FTC is executing!!!]]>
  </system-out>
  <testcase classname="testNgFlags.Flag4" name="ft" time="0.001"/>
  <system-out>
    <![CDATA[FTC is executing!!!]]>
  </system-out>
  <testcase classname="testNgFlags.Flag4" name="ft" time="0.001"/>
  <system-out>
    <![CDATA[FTC is executing!!!]]>
  </system-out>
  <testcase classname="testNgFlags.Flag4" name="ft" time="0.003"/>
  <system-out>
    <![CDATA[FTC is executing!!!]]>
  </system-out>
  <testcase classname="testNgFlags.Flag4" name="ft" time="0.001"/>
  <system-out>
    <![CDATA[FTC is executing!!!]]>
  </system-out>
  <testcase classname="testNgFlags.Flag4" name="ft" time="0.001"/>
  <system-out>
    <![CDATA[FTC is executing!!!]]>
  </system-out>
  <testcase classname="testNgFlags.Flag4" name="ft" time="0.001"/>
  <system-out>
    <![CDATA[FTC is executing!!!]]>
  </system-out>
  <testcase classname="testNgFlags.Flag4" name="ft" time="0.000"/>
  <system-out>
    <![CDATA[FTC is executing!!!]]>
  </system-out>
  <testcase classname="testNgFlags.Flag4" name="ft" time="0.001"/>
  <system-out>
    <![CDATA[FTC is executing!!!]]>
  </system-out>
  <testcase classname="testNgFlags.Flag4" name="ft" time="0.004"/>
  <system-out>
    <![CDATA[FTC is executing!!!]]>
  </system-out>
  <testcase classname="testNgFlags.Flag4" name="ft" time="0.001"/>
  <system-out>
    <![CDATA[FTC is executing!!!]]>
  </system-out>
  <testcase classname="testNgFlags.Flag4" name="ft" time="0.009"/>
  <system-out>
    <![CDATA[FTC is executing!!!]]>
  </system-out>
  <testcase classname="testNgFlags.Flag4" name="ft" time="0.001"/>
  <system-out>
    <![CDATA[FTC is executing!!!]]>
  </system-out>
  <testcase classname="testNgFlags.Flag4" name="ft" time="0.003"/>
  <system-out>
    <![CDATA[FTC is executing!!!]]>
  </system-out>
  <testcase classname="testNgFlags.Flag4" name="ft" time="0.003"/>
  <system-out>
    <![CDATA[FTC is executing!!!]]>
  </system-out>
  <testcase classname="testNgFlags.Flag4" name="ft" time="0.001"/>
  <system-out>
    <![CDATA[FTC is executing!!!]]>
  </system-out>
  <testcase classname="testNgFlags.Flag4" name="ft" time="0.001"/>
  <system-out>
    <![CDATA[FTC is executing!!!]]>
  </system-out>
  <testcase classname="testNgFlags.Flag4" name="ft" time="0.000"/>
  <system-out>
    <![CDATA[FTC is executing!!!]]>
  </system-out>
  <testcase classname="testNgFlags.Flag4" name="ft" time="0.001"/>
  <system-out>
    <![CDATA[FTC is executing!!!]]>
  </system-out>
  <testcase classname="testNgFlags.Flag4" name="ft" time="0.001"/>
  <system-out>
    <![CDATA[FTC is executing!!!]]>
  </system-out>
  <testcase classname="testNgFlags.Flag4" name="ft" time="0.000"/>
  <system-out>
    <![CDATA[FTC is executing!!!]]>
  </system-out>
  <testcase classname="testNgFlags.Flag4" name="ft" time="0.004"/>
  <system-out>
    <![CDATA[FTC is executing!!!]]>
  </system-out>
  <testcase classname="testNgFlags.Flag4" name="ft" time="0.009"/>
  <system-out>
    <![CDATA[FTC is executing!!!]]>
  </system-out>
  <testcase classname="testNgFlags.Flag4" name="ft" time="0.000"/>
  <system-out>
    <![CDATA[FTC is executing!!!]]>
  </system-out>
  <testcase classname="testNgFlags.Flag4" name="ft" time="0.000"/>
  <system-out>
    <![CDATA[FTC is executing!!!]]>
  </system-out>
  <testcase classname="testNgFlags.Flag4" name="ft" time="0.007"/>
  <system-out>
    <![CDATA[FTC is executing!!!]]>
  </system-out>
  <testcase classname="testNgFlags.Flag4" name="ft" time="0.001"/>
  <system-out>
    <![CDATA[FTC is executing!!!]]>
  </system-out>
  <testcase classname="testNgFlags.Flag4" name="ft" time="0.001"/>
  <system-out>
    <![CDATA[FTC is executing!!!]]>
  </system-out>
  <testcase classname="testNgFlags.Flag4" name="ft" time="0.003"/>
  <system-out>
    <![CDATA[FTC is executing!!!]]>
  </system-out>
  <testcase classname="testNgFlags.Flag4" name="ft" time="0.000"/>
  <system-out>
    <![CDATA[FTC is executing!!!]]>
  </system-out>
  <testcase classname="testNgFlags.Flag4" name="ft" time="0.013"/>
  <system-out>
    <![CDATA[FTC is executing!!!]]>
  </system-out>
  <testcase classname="testNgFlags.Flag4" name="ft" time="0.001"/>
  <system-out>
    <![CDATA[FTC is executing!!!]]>
  </system-out>
  <testcase classname="testNgFlags.Flag4" name="ft" time="0.001"/>
  <system-out>
    <![CDATA[FTC is executing!!!]]>
  </system-out>
  <testcase classname="testNgFlags.Flag4" name="ft" time="0.000"/>
  <system-out>
    <![CDATA[FTC is executing!!!]]>
  </system-out>
  <testcase classname="testNgFlags.Flag4" name="ft" time="0.001"/>
  <system-out>
    <![CDATA[FTC is executing!!!]]>
  </system-out>
  <testcase classname="testNgFlags.Flag4" name="ft" time="0.001"/>
  <system-out>
    <![CDATA[FTC is executing!!!]]>
  </system-out>
  <testcase classname="testNgFlags.Flag4" name="ft" time="0.000"/>
  <system-out>
    <![CDATA[FTC is executing!!!]]>
  </system-out>
  <testcase classname="testNgFlags.Flag4" name="ft" time="0.008"/>
  <system-out>
    <![CDATA[FTC is executing!!!]]>
  </system-out>
  <testcase classname="testNgFlags.Flag4" name="ft" time="0.000"/>
  <system-out>
    <![CDATA[FTC is executing!!!]]>
  </system-out>
  <testcase classname="testNgFlags.Flag4" name="ft" time="0.000"/>
  <system-out>
    <![CDATA[FTC is executing!!!]]>
  </system-out>
  <testcase classname="testNgFlags.Flag4" name="ft" time="0.001"/>
  <system-out>
    <![CDATA[FTC is executing!!!]]>
  </system-out>
  <testcase classname="testNgFlags.Flag4" name="ft" time="0.018"/>
  <system-out>
    <![CDATA[FTC is executing!!!]]>
  </system-out>
  <testcase classname="testNgFlags.Flag4" name="ft" time="0.000"/>
  <system-out>
    <![CDATA[FTC is executing!!!]]>
  </system-out>
  <testcase classname="testNgFlags.Flag4" name="ft" time="0.003"/>
  <system-out>
    <![CDATA[FTC is executing!!!]]>
  </system-out>
  <testcase classname="testNgFlags.Flag4" name="ft" time="0.002"/>
  <system-out>
    <![CDATA[FTC is executing!!!]]>
  </system-out>
  <testcase classname="testNgFlags.Flag4" name="ft" time="0.001"/>
  <system-out>
    <![CDATA[FTC is executing!!!]]>
  </system-out>
  <testcase classname="testNgFlags.Flag4" name="ft" time="0.000"/>
  <system-out>
    <![CDATA[FTC is executing!!!]]>
  </system-out>
  <testcase classname="testNgFlags.Flag4" name="ft" time="0.001"/>
  <system-out>
    <![CDATA[FTC is executing!!!]]>
  </system-out>
  <testcase classname="testNgFlags.Flag4" name="ft" time="0.001"/>
  <system-out>
    <![CDATA[FTC is executing!!!]]>
  </system-out>
  <testcase classname="testNgFlags.Flag4" name="ft" time="0.001"/>
  <system-out>
    <![CDATA[FTC is executing!!!]]>
  </system-out>
  <testcase classname="testNgFlags.Flag4" name="ft" time="0.002"/>
  <system-out>
    <![CDATA[FTC is executing!!!]]>
  </system-out>
  <testcase classname="testNgFlags.Flag4" name="ft" time="0.001"/>
  <system-out>
    <![CDATA[FTC is executing!!!]]>
  </system-out>
  <testcase classname="testNgFlags.Flag4" name="ft" time="0.001"/>
  <system-out>
    <![CDATA[FTC is executing!!!]]>
  </system-out>
  <testcase classname="testNgFlags.Flag4" name="ft" time="0.007"/>
  <system-out>
    <![CDATA[FTC is executing!!!]]>
  </system-out>
  <testcase classname="testNgFlags.Flag4" name="ft" time="0.001"/>
  <system-out>
    <![CDATA[FTC is executing!!!]]>
  </system-out>
  <testcase classname="testNgFlags.Flag4" name="ft" time="0.000"/>
  <system-out>
    <![CDATA[FTC is executing!!!]]>
  </system-out>
  <testcase classname="testNgFlags.Flag4" name="ft" time="0.001"/>
  <system-out>
    <![CDATA[FTC is executing!!!]]>
  </system-out>
  <testcase classname="testNgFlags.Flag4" name="ft" time="0.017"/>
  <system-out>
    <![CDATA[FTC is executing!!!]]>
  </system-out>
  <testcase classname="testNgFlags.Flag4" name="ft" time="0.004"/>
  <system-out>
    <![CDATA[FTC is executing!!!]]>
  </system-out>
  <testcase classname="testNgFlags.Flag4" name="ft" time="0.001"/>
  <system-out>
    <![CDATA[FTC is executing!!!]]>
  </system-out>
  <testcase classname="testNgFlags.Flag4" name="ft" time="0.001"/>
  <system-out>
    <![CDATA[FTC is executing!!!]]>
  </system-out>
  <testcase classname="testNgFlags.Flag4" name="ft" time="0.001"/>
  <system-out>
    <![CDATA[FTC is executing!!!]]>
  </system-out>
  <testcase classname="testNgFlags.Flag4" name="ft" time="0.001"/>
  <system-out>
    <![CDATA[FTC is executing!!!]]>
  </system-out>
  <testcase classname="testNgFlags.Flag4" name="ft" time="0.003"/>
  <system-out>
    <![CDATA[FTC is executing!!!]]>
  </system-out>
  <testcase classname="testNgFlags.Flag4" name="ft" time="0.003"/>
  <system-out>
    <![CDATA[FTC is executing!!!]]>
  </system-out>
  <testcase classname="testNgFlags.Flag4" name="ft" time="0.002"/>
  <system-out>
    <![CDATA[FTC is executing!!!]]>
  </system-out>
  <testcase classname="testNgFlags.Flag4" name="ft" time="0.001"/>
  <system-out>
    <![CDATA[FTC is executing!!!]]>
  </system-out>
  <testcase classname="testNgFlags.Flag4" name="ft" time="0.000"/>
  <system-out>
    <![CDATA[FTC is executing!!!]]>
  </system-out>
  <testcase classname="testNgFlags.Flag4" name="ft" time="0.002"/>
  <system-out>
    <![CDATA[FTC is executing!!!]]>
  </system-out>
  <testcase classname="testNgFlags.Flag4" name="ft" time="0.000"/>
  <system-out>
    <![CDATA[FTC is executing!!!]]>
  </system-out>
  <testcase classname="testNgFlags.Flag4" name="ft" time="0.001"/>
  <system-out>
    <![CDATA[FTC is executing!!!]]>
  </system-out>
  <testcase classname="testNgFlags.Flag4" name="ft" time="0.009"/>
  <system-out>
    <![CDATA[FTC is executing!!!]]>
  </system-out>
  <testcase classname="testNgFlags.Flag4" name="ft" time="0.001"/>
  <system-out>
    <![CDATA[FTC is executing!!!]]>
  </system-out>
  <testcase classname="testNgFlags.Flag4" name="ft" time="0.000"/>
  <system-out>
    <![CDATA[FTC is executing!!!]]>
  </system-out>
  <testcase classname="testNgFlags.Flag4" name="ft" time="0.001"/>
  <system-out>
    <![CDATA[FTC is executing!!!]]>
  </system-out>
  <testcase classname="testNgFlags.Flag4" name="ft" time="0.010"/>
  <system-out>
    <![CDATA[FTC is executing!!!]]>
  </system-out>
  <testcase classname="testNgFlags.Flag4" name="ft" time="0.001"/>
  <system-out>
    <![CDATA[FTC is executing!!!]]>
  </system-out>
  <testcase classname="testNgFlags.Flag4" name="ft" time="0.002"/>
  <system-out>
    <![CDATA[FTC is executing!!!]]>
  </system-out>
  <testcase classname="testNgFlags.Flag4" name="ft" time="0.003"/>
  <system-out>
    <![CDATA[FTC is executing!!!]]>
  </system-out>
  <testcase classname="testNgFlags.Flag4" name="ft" time="0.001"/>
  <system-out>
    <![CDATA[FTC is executing!!!]]>
  </system-out>
  <testcase classname="testNgFlags.Flag4" name="ft" time="0.001"/>
  <system-out>
    <![CDATA[FTC is executing!!!]]>
  </system-out>
  <testcase classname="testNgFlags.Flag4" name="ft" time="0.000"/>
  <system-out>
    <![CDATA[FTC is executing!!!]]>
  </system-out>
  <testcase classname="testNgFlags.Flag4" name="ft" time="0.001"/>
  <system-out>
    <![CDATA[FTC is executing!!!]]>
  </system-out>
  <testcase classname="testNgFlags.Flag4" name="ft" time="0.001"/>
  <system-out>
    <![CDATA[FTC is executing!!!]]>
  </system-out>
  <testcase classname="testNgFlags.Flag4" name="ft" time="0.001"/>
  <system-out>
    <![CDATA[FTC is executing!!!]]>
  </system-out>
  <testcase classname="testNgFlags.Flag4" name="ft" time="0.003"/>
  <system-out>
    <![CDATA[FTC is executing!!!]]>
  </system-out>
  <testcase classname="testNgFlags.Flag4" name="ft" time="0.001"/>
  <system-out>
    <![CDATA[FTC is executing!!!]]>
  </system-out>
  <testcase classname="testNgFlags.Flag4" name="ft" time="0.000"/>
  <system-out>
    <![CDATA[FTC is executing!!!]]>
  </system-out>
  <testcase classname="testNgFlags.Flag4" name="ft" time="0.001"/>
  <system-out>
    <![CDATA[FTC is executing!!!]]>
  </system-out>
  <testcase classname="testNgFlags.Flag4" name="ft" time="0.002"/>
  <system-out>
    <![CDATA[FTC is executing!!!]]>
  </system-out>
  <testcase classname="testNgFlags.Flag4" name="ft" time="0.003"/>
  <system-out>
    <![CDATA[FTC is executing!!!]]>
  </system-out>
  <testcase classname="testNgFlags.Flag4" name="ft" time="0.006"/>
  <system-out>
    <![CDATA[FTC is executing!!!]]>
  </system-out>
  <testcase classname="testNgFlags.Flag4" name="ft" time="0.005"/>
  <system-out>
    <![CDATA[FTC is executing!!!]]>
  </system-out>
  <testcase classname="testNgFlags.Flag4" name="ft" time="0.007"/>
  <system-out>
    <![CDATA[FTC is executing!!!]]>
  </system-out>
  <testcase classname="testNgFlags.Flag4" name="ft" time="0.001"/>
  <system-out>
    <![CDATA[FTC is executing!!!]]>
  </system-out>
  <testcase classname="testNgFlags.Flag4" name="ft" time="0.000"/>
  <system-out>
    <![CDATA[FTC is executing!!!]]>
  </system-out>
  <testcase classname="testNgFlags.Flag4" name="ft" time="0.001"/>
  <system-out>
    <![CDATA[FTC is executing!!!]]>
  </system-out>
  <testcase classname="testNgFlags.Flag4" name="ft" time="0.001"/>
  <system-out>
    <![CDATA[FTC is executing!!!]]>
  </system-out>
  <testcase classname="testNgFlags.Flag4" name="ft" time="0.004"/>
  <system-out>
    <![CDATA[FTC is executing!!!]]>
  </system-out>
  <testcase classname="testNgFlags.Flag4" name="ft" time="0.001"/>
  <system-out>
    <![CDATA[FTC is executing!!!]]>
  </system-out>
  <testcase classname="testNgFlags.Flag4" name="ft" time="0.002"/>
  <system-out>
    <![CDATA[FTC is executing!!!]]>
  </system-out>
  <testcase classname="testNgFlags.Flag4" name="ft" time="0.000"/>
  <system-out>
    <![CDATA[FTC is executing!!!]]>
  </system-out>
  <testcase classname="testNgFlags.Flag4" name="ft" time="0.000"/>
  <system-out>
    <![CDATA[FTC is executing!!!]]>
  </system-out>
  <testcase classname="testNgFlags.Flag4" name="ft" time="0.001"/>
  <system-out>
    <![CDATA[FTC is executing!!!]]>
  </system-out>
  <testcase classname="testNgFlags.Flag4" name="ft" time="0.001"/>
  <system-out>
    <![CDATA[FTC is executing!!!]]>
  </system-out>
  <testcase classname="testNgFlags.Flag4" name="ft" time="0.003"/>
  <system-out>
    <![CDATA[FTC is executing!!!]]>
  </system-out>
  <testcase classname="testNgFlags.Flag4" name="ft" time="0.001"/>
  <system-out>
    <![CDATA[FTC is executing!!!]]>
  </system-out>
  <testcase classname="testNgFlags.Flag4" name="ft" time="0.001"/>
  <system-out>
    <![CDATA[FTC is executing!!!]]>
  </system-out>
  <testcase classname="testNgFlags.Flag4" name="ft" time="0.001"/>
  <system-out>
    <![CDATA[FTC is executing!!!]]>
  </system-out>
  <testcase classname="testNgFlags.Flag4" name="ft" time="0.002"/>
  <system-out>
    <![CDATA[FTC is executing!!!]]>
  </system-out>
  <testcase classname="testNgFlags.Flag4" name="ft" time="0.001"/>
  <system-out>
    <![CDATA[FTC is executing!!!]]>
  </system-out>
  <testcase classname="testNgFlags.Flag4" name="ft" time="0.001"/>
  <system-out>
    <![CDATA[FTC is executing!!!]]>
  </system-out>
  <testcase classname="testNgFlags.Flag4" name="ft" time="0.000"/>
  <system-out>
    <![CDATA[FTC is executing!!!]]>
  </system-out>
  <testcase classname="testNgFlags.Flag4" name="ft" time="0.001"/>
  <system-out>
    <![CDATA[FTC is executing!!!]]>
  </system-out>
  <testcase classname="testNgFlags.Flag4" name="ft" time="0.002"/>
  <system-out>
    <![CDATA[FTC is executing!!!]]>
  </system-out>
  <testcase classname="testNgFlags.Flag4" name="ft" time="0.001"/>
  <system-out>
    <![CDATA[FTC is executing!!!]]>
  </system-out>
  <testcase classname="testNgFlags.Flag4" name="ft" time="0.001"/>
  <system-out>
    <![CDATA[FTC is executing!!!]]>
  </system-out>
  <testcase classname="testNgFlags.Flag4" name="ft" time="0.003"/>
  <system-out>
    <![CDATA[FTC is executing!!!]]>
  </system-out>
  <testcase classname="testNgFlags.Flag4" name="ft" time="0.001"/>
  <system-out>
    <![CDATA[FTC is executing!!!]]>
  </system-out>
  <testcase classname="testNgFlags.Flag4" name="ft" time="0.002"/>
  <system-out>
    <![CDATA[FTC is executing!!!]]>
  </system-out>
  <testcase classname="testNgFlags.Flag4" name="ft" time="0.001"/>
  <system-out>
    <![CDATA[FTC is executing!!!]]>
  </system-out>
  <testcase classname="testNgFlags.Flag4" name="ft" time="0.004"/>
  <system-out>
    <![CDATA[FTC is executing!!!]]>
  </system-out>
  <testcase classname="testNgFlags.Flag4" name="ft" time="0.001"/>
  <system-out>
    <![CDATA[FTC is executing!!!]]>
  </system-out>
  <testcase classname="testNgFlags.Flag4" name="ft" time="0.001"/>
  <system-out>
    <![CDATA[FTC is executing!!!]]>
  </system-out>
  <testcase classname="testNgFlags.Flag4" name="ft" time="0.000"/>
  <system-out>
    <![CDATA[FTC is executing!!!]]>
  </system-out>
  <testcase classname="testNgFlags.Flag4" name="ft" time="0.003"/>
  <system-out>
    <![CDATA[FTC is executing!!!]]>
  </system-out>
  <testcase classname="testNgFlags.Flag4" name="ft" time="0.015"/>
  <system-out>
    <![CDATA[FTC is executing!!!]]>
  </system-out>
  <testcase classname="testNgFlags.Flag4" name="ft" time="0.000"/>
  <system-out>
    <![CDATA[FTC is executing!!!]]>
  </system-out>
  <testcase classname="testNgFlags.Flag4" name="ft" time="0.001"/>
  <system-out>
    <![CDATA[FTC is executing!!!]]>
  </system-out>
  <testcase classname="testNgFlags.Flag4" name="ft" time="0.002"/>
  <system-out>
    <![CDATA[FTC is executing!!!]]>
  </system-out>
  <testcase classname="testNgFlags.Flag4" name="ft" time="0.002"/>
  <system-out>
    <![CDATA[FTC is executing!!!]]>
  </system-out>
  <testcase classname="testNgFlags.Flag4" name="ft" time="0.001"/>
  <system-out>
    <![CDATA[FTC is executing!!!]]>
  </system-out>
  <testcase classname="testNgFlags.Flag4" name="ft" time="0.000"/>
  <system-out>
    <![CDATA[FTC is executing!!!]]>
  </system-out>
  <testcase classname="testNgFlags.Flag4" name="ft" time="0.005"/>
  <system-out>
    <![CDATA[FTC is executing!!!]]>
  </system-out>
  <testcase classname="testNgFlags.Flag4" name="ft" time="0.001"/>
  <system-out>
    <![CDATA[FTC is executing!!!]]>
  </system-out>
  <testcase classname="testNgFlags.Flag4" name="ft" time="0.000"/>
  <system-out>
    <![CDATA[FTC is executing!!!]]>
  </system-out>
  <testcase classname="testNgFlags.Flag4" name="ft" time="0.001"/>
  <system-out>
    <![CDATA[FTC is executing!!!]]>
  </system-out>
  <testcase classname="testNgFlags.Flag4" name="ft" time="0.001"/>
  <system-out>
    <![CDATA[FTC is executing!!!]]>
  </system-out>
  <testcase classname="testNgFlags.Flag4" name="ft" time="0.001"/>
  <system-out>
    <![CDATA[FTC is executing!!!]]>
  </system-out>
  <testcase classname="testNgFlags.Flag4" name="ft" time="0.002"/>
  <system-out>
    <![CDATA[FTC is executing!!!]]>
  </system-out>
  <testcase classname="testNgFlags.Flag4" name="ft" time="0.006"/>
  <system-out>
    <![CDATA[FTC is executing!!!]]>
  </system-out>
  <testcase classname="testNgFlags.Flag4" name="ft" time="0.000"/>
  <system-out>
    <![CDATA[FTC is executing!!!]]>
  </system-out>
  <testcase classname="testNgFlags.Flag4" name="ft" time="0.000"/>
  <system-out>
    <![CDATA[FTC is executing!!!]]>
  </system-out>
  <testcase classname="testNgFlags.Flag4" name="ft" time="0.001"/>
  <system-out>
    <![CDATA[FTC is executing!!!]]>
  </system-out>
  <testcase classname="testNgFlags.Flag4" name="ft" time="0.001"/>
  <system-out>
    <![CDATA[FTC is executing!!!]]>
  </system-out>
  <testcase classname="testNgFlags.Flag4" name="ft" time="0.000"/>
  <system-out>
    <![CDATA[FTC is executing!!!]]>
  </system-out>
  <testcase classname="testNgFlags.Flag4" name="ft" time="0.000"/>
  <system-out>
    <![CDATA[FTC is executing!!!]]>
  </system-out>
  <testcase classname="testNgFlags.Flag4" name="ft" time="0.000"/>
  <system-out>
    <![CDATA[FTC is executing!!!]]>
  </system-out>
  <testcase classname="testNgFlags.Flag4" name="ft" time="0.001"/>
  <system-out>
    <![CDATA[FTC is executing!!!]]>
  </system-out>
  <testcase classname="testNgFlags.Flag4" name="ft" time="0.001"/>
  <system-out>
    <![CDATA[FTC is executing!!!]]>
  </system-out>
  <testcase classname="testNgFlags.Flag4" name="ft" time="0.004"/>
  <system-out>
    <![CDATA[FTC is executing!!!]]>
  </system-out>
  <testcase classname="testNgFlags.Flag4" name="ft" time="0.003"/>
  <system-out>
    <![CDATA[FTC is executing!!!]]>
  </system-out>
  <testcase classname="testNgFlags.Flag4" name="ft" time="0.001"/>
  <system-out>
    <![CDATA[FTC is executing!!!]]>
  </system-out>
  <testcase classname="testNgFlags.Flag4" name="ft" time="0.002"/>
  <system-out>
    <![CDATA[FTC is executing!!!]]>
  </system-out>
  <testcase classname="testNgFlags.Flag4" name="ft" time="0.001"/>
  <system-out>
    <![CDATA[FTC is executing!!!]]>
  </system-out>
  <testcase classname="testNgFlags.Flag4" name="ft" time="0.001"/>
  <system-out>
    <![CDATA[FTC is executing!!!]]>
  </system-out>
  <testcase classname="testNgFlags.Flag4" name="ft" time="0.001"/>
  <system-out>
    <![CDATA[FTC is executing!!!]]>
  </system-out>
  <testcase classname="testNgFlags.Flag4" name="ft" time="0.001"/>
  <system-out>
    <![CDATA[FTC is executing!!!]]>
  </system-out>
  <testcase classname="testNgFlags.Flag4" name="ft" time="0.001"/>
  <system-out>
    <![CDATA[FTC is executing!!!]]>
  </system-out>
  <testcase classname="testNgFlags.Flag4" name="ft" time="0.001"/>
  <system-out>
    <![CDATA[FTC is executing!!!]]>
  </system-out>
  <testcase classname="testNgFlags.Flag4" name="ft" time="0.000"/>
  <system-out>
    <![CDATA[FTC is executing!!!]]>
  </system-out>
  <testcase classname="testNgFlags.Flag4" name="ft" time="0.000"/>
  <system-out>
    <![CDATA[FTC is executing!!!]]>
  </system-out>
  <testcase classname="testNgFlags.Flag4" name="ft" time="0.000"/>
  <system-out>
    <![CDATA[FTC is executing!!!]]>
  </system-out>
  <testcase classname="testNgFlags.Flag4" name="ft" time="0.001"/>
  <system-out>
    <![CDATA[FTC is executing!!!]]>
  </system-out>
  <testcase classname="testNgFlags.Flag4" name="ft" time="0.001"/>
  <system-out>
    <![CDATA[FTC is executing!!!]]>
  </system-out>
  <testcase classname="testNgFlags.Flag4" name="ft" time="0.001"/>
  <system-out>
    <![CDATA[FTC is executing!!!]]>
  </system-out>
  <testcase classname="testNgFlags.Flag4" name="ft" time="0.001"/>
  <system-out>
    <![CDATA[FTC is executing!!!]]>
  </system-out>
  <testcase classname="testNgFlags.Flag4" name="ft" time="0.001"/>
  <system-out>
    <![CDATA[FTC is executing!!!]]>
  </system-out>
  <testcase classname="testNgFlags.Flag4" name="ft" time="0.001"/>
  <system-out>
    <![CDATA[FTC is executing!!!]]>
  </system-out>
  <testcase classname="testNgFlags.Flag4" name="ft" time="0.001"/>
  <system-out>
    <![CDATA[FTC is executing!!!]]>
  </system-out>
  <testcase classname="testNgFlags.Flag4" name="ft" time="0.001"/>
  <system-out>
    <![CDATA[FTC is executing!!!]]>
  </system-out>
  <testcase classname="testNgFlags.Flag4" name="ft" time="0.001"/>
  <system-out>
    <![CDATA[FTC is executing!!!]]>
  </system-out>
  <testcase classname="testNgFlags.Flag4" name="ft" time="0.001"/>
  <system-out>
    <![CDATA[FTC is executing!!!]]>
  </system-out>
  <testcase classname="testNgFlags.Flag4" name="ft" time="0.001"/>
  <system-out>
    <![CDATA[FTC is executing!!!]]>
  </system-out>
  <testcase classname="testNgFlags.Flag4" name="ft" time="0.000"/>
  <system-out>
    <![CDATA[FTC is executing!!!]]>
  </system-out>
  <testcase classname="testNgFlags.Flag4" name="ft" time="0.001"/>
  <system-out>
    <![CDATA[FTC is executing!!!]]>
  </system-out>
  <testcase classname="testNgFlags.Flag4" name="ft" time="0.001"/>
  <system-out>
    <![CDATA[FTC is executing!!!]]>
  </system-out>
  <testcase classname="testNgFlags.Flag4" name="ft" time="0.000"/>
  <system-out>
    <![CDATA[FTC is executing!!!]]>
  </system-out>
  <testcase classname="testNgFlags.Flag4" name="ft" time="0.001"/>
  <system-out>
    <![CDATA[FTC is executing!!!]]>
  </system-out>
  <testcase classname="testNgFlags.Flag4" name="ft" time="0.003"/>
  <system-out>
    <![CDATA[FTC is executing!!!]]>
  </system-out>
  <testcase classname="testNgFlags.Flag4" name="ft" time="0.000"/>
  <system-out>
    <![CDATA[FTC is executing!!!]]>
  </system-out>
  <testcase classname="testNgFlags.Flag4" name="ft" time="0.000"/>
  <system-out>
    <![CDATA[FTC is executing!!!]]>
  </system-out>
  <testcase classname="testNgFlags.Flag4" name="ft" time="0.007"/>
  <system-out>
    <![CDATA[FTC is executing!!!]]>
  </system-out>
  <testcase classname="testNgFlags.Flag4" name="ft" time="0.028"/>
  <system-out>
    <![CDATA[FTC is executing!!!]]>
  </system-out>
  <testcase classname="testNgFlags.Flag4" name="ft" time="0.001"/>
  <system-out>
    <![CDATA[FTC is executing!!!]]>
  </system-out>
  <testcase classname="testNgFlags.Flag4" name="ft" time="0.001"/>
  <system-out>
    <![CDATA[FTC is executing!!!]]>
  </system-out>
  <testcase classname="testNgFlags.Flag4" name="ft" time="0.001"/>
  <system-out>
    <![CDATA[FTC is executing!!!]]>
  </system-out>
  <testcase classname="testNgFlags.Flag4" name="ft" time="0.001"/>
  <system-out>
    <![CDATA[FTC is executing!!!]]>
  </system-out>
  <testcase classname="testNgFlags.Flag4" name="ft" time="0.015"/>
  <system-out>
    <![CDATA[FTC is executing!!!]]>
  </system-out>
  <testcase classname="testNgFlags.Flag4" name="ft" time="0.001"/>
  <system-out>
    <![CDATA[FTC is executing!!!]]>
  </system-out>
  <testcase classname="testNgFlags.Flag4" name="ft" time="0.002"/>
  <system-out>
    <![CDATA[FTC is executing!!!]]>
  </system-out>
  <testcase classname="testNgFlags.Flag4" name="ft" time="0.000"/>
  <system-out>
    <![CDATA[FTC is executing!!!]]>
  </system-out>
  <testcase classname="testNgFlags.Flag4" name="ft" time="0.036"/>
  <system-out>
    <![CDATA[FTC is executing!!!]]>
  </system-out>
  <testcase classname="testNgFlags.Flag4" name="ft" time="0.000"/>
  <system-out>
    <![CDATA[FTC is executing!!!]]>
  </system-out>
  <testcase classname="testNgFlags.Flag4" name="ft" time="0.005"/>
  <system-out>
    <![CDATA[FTC is executing!!!]]>
  </system-out>
  <testcase classname="testNgFlags.Flag4" name="ft" time="0.007"/>
  <system-out>
    <![CDATA[FTC is executing!!!]]>
  </system-out>
  <testcase classname="testNgFlags.Flag4" name="ft" time="0.001"/>
  <system-out>
    <![CDATA[FTC is executing!!!]]>
  </system-out>
  <testcase classname="testNgFlags.Flag4" name="ft" time="0.001"/>
  <system-out>
    <![CDATA[FTC is executing!!!]]>
  </system-out>
  <testcase classname="testNgFlags.Flag4" name="ft" time="0.011"/>
  <system-out>
    <![CDATA[FTC is executing!!!]]>
  </system-out>
  <testcase classname="testNgFlags.Flag4" name="ft" time="0.001"/>
  <system-out>
    <![CDATA[FTC is executing!!!]]>
  </system-out>
  <testcase classname="testNgFlags.Flag4" name="ft" time="0.001"/>
  <system-out>
    <![CDATA[FTC is executing!!!]]>
  </system-out>
  <testcase classname="testNgFlags.Flag4" name="ft" time="0.000"/>
  <system-out>
    <![CDATA[FTC is executing!!!]]>
  </system-out>
  <testcase classname="testNgFlags.Flag4" name="ft" time="0.001"/>
  <system-out>
    <![CDATA[FTC is executing!!!]]>
  </system-out>
  <testcase classname="testNgFlags.Flag4" name="ft" time="0.003"/>
  <system-out>
    <![CDATA[FTC is executing!!!]]>
  </system-out>
  <testcase classname="testNgFlags.Flag4" name="ft" time="0.000"/>
  <system-out>
    <![CDATA[FTC is executing!!!]]>
  </system-out>
[...]
  <system-out>
    <![CDATA[FTC is executing!!!]]>
  </system-out>
  <testcase classname="testNgFlags.Flag4" name="ft" time="0.000"/>
  <system-out>
    <![CDATA[FTC is executing!!!]]>
  </system-out>
  <testcase classname="testNgFlags.Flag4" name="ft" time="0.019"/>
  <system-out>
    <![CDATA[FTC is executing!!!]]>
  </system-out>
  <testcase classname="testNgFlags.Flag4" name="ft" time="0.002"/>
  <system-out>
    <![CDATA[FTC is executing!!!]]>
  </system-out>
  <testcase classname="testNgFlags.Flag4" name="ft" time="0.001"/>
  <system-out>
    <![CDATA[FTC is executing!!!]]>
  </system-out>
  <testcase classname="testNgFlags.Flag4" name="ft" time="0.002"/>
  <system-out>
    <![CDATA[FTC is executing!!!]]>
  </system-out>
  <testcase classname="testNgFlags.Flag4" name="ft" time="0.001"/>
  <system-out>
    <![CDATA[FTC is executing!!!]]>
  </system-out>
  <testcase classname="testNgFlags.Flag4" name="ft" time="0.006"/>
  <system-out>
    <![CDATA[FTC is executing!!!]]>
  </system-out>
  <testcase classname="testNgFlags.Flag4" name="ft" time="0.001"/>
  <system-out>
    <![CDATA[FTC is executing!!!]]>
  </system-out>
  <testcase classname="testNgFlags.Flag4" name="ft" time="0.001"/>
  <system-out>
    <![CDATA[FTC is executing!!!]]>
  </system-out>
  <testcase classname="testNgFlags.Flag4" name="ft" time="0.002"/>
  <system-out>
    <![CDATA[FTC is executing!!!]]>
  </system-out>
  <testcase classname="testNgFlags.Flag4" name="ft" time="0.000"/>
  <system-out>
    <![CDATA[FTC is executing!!!]]>
  </system-out>
  <testcase classname="testNgFlags.Flag4" name="ft" time="0.001"/>
  <system-out>
    <![CDATA[FTC is executing!!!]]>
  </system-out>
  <testcase classname="testNgFlags.Flag4" name="ft" time="0.004"/>
  <system-out>
    <![CDATA[FTC is executing!!!]]>
  </system-out>
  <testcase classname="testNgFlags.Flag4" name="ft" time="0.001"/>
  <system-out>
    <![CDATA[FTC is executing!!!]]>
  </system-out>
  <testcase classname="testNgFlags.Flag4" name="ft" time="0.001"/>
  <system-out>
    <![CDATA[FTC is executing!!!]]>
  </system-out>
  <testcase classname="testNgFlags.Flag4" name="ft" time="0.002"/>
  <system-out>
    <![CDATA[FTC is executing!!!]]>
  </system-out>
  <testcase classname="testNgFlags.Flag4" name="ft" time="0.001"/>
  <system-out>
    <![CDATA[FTC is executing!!!]]>
  </system-out>
  <testcase classname="testNgFlags.Flag4" name="ft" time="0.002"/>
  <system-out>
    <![CDATA[FTC is executing!!!]]>
  </system-out>
  <testcase classname="testNgFlags.Flag4" name="ft" time="0.001"/>
  <system-out>
    <![CDATA[FTC is executing!!!]]>
  </system-out>
  <testcase classname="testNgFlags.Flag4" name="ft" time="0.005"/>
  <system-out>
    <![CDATA[FTC is executing!!!]]>
  </system-out>
  <testcase classname="testNgFlags.Flag4" name="ft" time="0.001"/>
  <system-out>
    <![CDATA[FTC is executing!!!]]>
  </system-out>
  <testcase classname="testNgFlags.Flag4" name="ft" time="0.004"/>
  <system-out>
    <![CDATA[FTC is executing!!!]]>
  </system-out>
  <testcase classname="testNgFlags.Flag4" name="ft" time="0.001"/>
  <system-out>
    <![CDATA[FTC is executing!!!]]>
  </system-out>
  <testcase classname="testNgFlags.Flag4" name="ft" time="0.000"/>
  <system-out>
    <![CDATA[FTC is executing!!!]]>
  </system-out>
  <testcase classname="testNgFlags.Flag4" name="ft" time="0.001"/>
  <system-out>
    <![CDATA[FTC is executing!!!]]>
  </system-out>
  <testcase classname="testNgFlags.Flag4" name="ft" time="0.001"/>
  <system-out>
    <![CDATA[FTC is executing!!!]]>
  </system-out>
  <testcase classname="testNgFlags.Flag4" name="ft" time="0.001"/>
  <system-out>
    <![CDATA[FTC is executing!!!]]>
  </system-out>
  <testcase classname="testNgFlags.Flag4" name="ft" time="0.001"/>
  <system-out>
    <![CDATA[FTC is executing!!!]]>
  </system-out>
  <testcase classname="testNgFlags.Flag4" name="ft" time="0.003"/>
  <system-out>
    <![CDATA[FTC is executing!!!]]>
  </system-out>
  <testcase classname="testNgFlags.Flag4" name="ft" time="0.001"/>
  <system-out>
    <![CDATA[FTC is executing!!!]]>
  </system-out>
  <testcase classname="testNgFlags.Flag4" name="ft" time="0.001"/>
  <system-out>
    <![CDATA[FTC is executing!!!]]>
  </system-out>
  <testcase classname="testNgFlags.Flag4" name="ft" time="0.002"/>
  <system-out>
    <![CDATA[FTC is executing!!!]]>
  </system-out>
  <testcase classname="testNgFlags.Flag4" name="ft" time="0.003"/>
  <system-out>
    <![CDATA[FTC is executing!!!]]>
  </system-out>
  <testcase classname="testNgFlags.Flag4" name="ft" time="0.000"/>
  <system-out>
    <![CDATA[FTC is executing!!!]]>
  </system-out>
  <testcase classname="testNgFlags.Flag4" name="ft" time="0.001"/>
  <system-out>
    <![CDATA[FTC is executing!!!]]>
  </system-out>
  <testcase classname="testNgFlags.Flag4" name="ft" time="0.001"/>
  <system-out>
    <![CDATA[FTC is executing!!!]]>
  </system-out>
  <testcase classname="testNgFlags.Flag4" name="ft" time="0.002"/>
  <system-out>
    <![CDATA[FTC is executing!!!]]>
  </system-out>
  <testcase classname="testNgFlags.Flag4" name="ft" time="0.001"/>
  <system-out>
    <![CDATA[FTC is executing!!!]]>
  </system-out>
  <testcase classname="testNgFlags.Flag4" name="ft" time="0.003"/>
  <system-out>
    <![CDATA[FTC is executing!!!]]>
  </system-out>
  <testcase classname="testNgFlags.Flag4" name="ft" time="0.007"/>
  <system-out>
    <![CDATA[FTC is executing!!!]]>
  </system-out>
  <testcase classname="testNgFlags.Flag4" name="ft" time="0.002"/>
  <system-out>
    <![CDATA[FTC is executing!!!]]>
  </system-out>
  <testcase classname="testNgFlags.Flag4" name="ft" time="0.000"/>
  <system-out>
    <![CDATA[FTC is executing!!!]]>
  </system-out>
  <testcase classname="testNgFlags.Flag4" name="ft" time="0.001"/>
  <system-out>
    <![CDATA[FTC is executing!!!]]>
  </system-out>
  <testcase classname="testNgFlags.Flag4" name="ft" time="0.001"/>
  <system-out>
    <![CDATA[FTC is executing!!!]]>
  </system-out>
  <testcase classname="testNgFlags.Flag4" name="ft" time="0.001"/>
  <system-out>
    <![CDATA[FTC is executing!!!]]>
  </system-out>
  <testcase classname="testNgFlags.Flag4" name="ft" time="0.001"/>
  <system-out>
    <![CDATA[FTC is executing!!!]]>
  </system-out>
  <testcase classname="testNgFlags.Flag4" name="ft" time="0.001"/>
  <system-out>
    <![CDATA[FTC is executing!!!]]>
  </system-out>
  <testcase classname="testNgFlags.Flag4" name="ft" time="0.002"/>
  <system-out>
    <![CDATA[FTC is executing!!!]]>
  </system-out>
  <testcase classname="testNgFlags.Flag4" name="ft" time="0.005"/>
  <system-out>
    <![CDATA[FTC is executing!!!]]>
  </system-out>
  <testcase classname="testNgFlags.Flag4" name="ft" time="0.001"/>
  <system-out>
    <![CDATA[FTC is executing!!!]]>
  </system-out>
  <testcase classname="testNgFlags.Flag4" name="ft" time="0.001"/>
  <system-out>
    <![CDATA[FTC is executing!!!]]>
  </system-out>
  <testcase classname="testNgFlags.Flag4" name="ft" time="0.001"/>
  <system-out>
    <![CDATA[FTC is executing!!!]]>
  </system-out>
  <testcase classname="testNgFlags.Flag4" name="ft" time="0.002"/>
  <system-out>
    <![CDATA[FTC is executing!!!]]>
  </system-out>
  <testcase classname="testNgFlags.Flag4" name="ft" time="0.001"/>
  <system-out>
    <![CDATA[FTC is executing!!!]]>
  </system-out>
  <testcase classname="testNgFlags.Flag4" name="ft" time="0.004"/>
  <system-out>
    <![CDATA[FTC is executing!!!]]>
  </system-out>
  <testcase classname="testNgFlags.Flag4" name="ft" time="0.000"/>
  <system-out>
    <![CDATA[FTC is executing!!!]]>
  </system-out>
  <testcase classname="testNgFlags.Flag4" name="ft" time="0.001"/>
  <system-out>
    <![CDATA[FTC is executing!!!]]>
  </system-out>
  <testcase classname="testNgFlags.Flag4" name="ft" time="0.003"/>
  <system-out>
    <![CDATA[FTC is executing!!!]]>
  </system-out>
  <testcase classname="testNgFlags.Flag4" name="ft" time="0.002"/>
  <system-out>
    <![CDATA[FTC is executing!!!]]>
  </system-out>
  <testcase classname="testNgFlags.Flag4" name="ft" time="0.001"/>
  <system-out>
    <![CDATA[FTC is executing!!!]]>
  </system-out>
  <testcase classname="testNgFlags.Flag4" name="ft" time="0.003"/>
  <system-out>
    <![CDATA[FTC is executing!!!]]>
  </system-out>
  <testcase classname="testNgFlags.Flag4" name="ft" time="0.001"/>
  <system-out>
    <![CDATA[FTC is executing!!!]]>
  </system-out>
  <testcase classname="testNgFlags.Flag4" name="ft" time="0.002"/>
  <system-out>
    <![CDATA[FTC is executing!!!]]>
  </system-out>
  <testcase classname="testNgFlags.Flag4" name="ft" time="0.001"/>
  <system-out>
    <![CDATA[FTC is executing!!!]]>
  </system-out>
  <testcase classname="testNgFlags.Flag4" name="ft" time="0.008"/>
  <system-out>
    <![CDATA[FTC is executing!!!]]>
  </system-out>
  <testcase classname="testNgFlags.Flag4" name="ft" time="0.005"/>
  <system-out>
    <![CDATA[FTC is executing!!!]]>
  </system-out>
  <testcase classname="testNgFlags.Flag4" name="ft" time="0.002"/>
  <system-out>
    <![CDATA[FTC is executing!!!]]>
  </system-out>
  <testcase classname="testNgFlags.Flag4" name="ft" time="0.001"/>
  <system-out>
    <![CDATA[FTC is executing!!!]]>
  </system-out>
  <testcase classname="testNgFlags.Flag4" name="ft" time="0.001"/>
  <system-out>
    <![CDATA[FTC is executing!!!]]>
  </system-out>
  <testcase classname="testNgFlags.Flag4" name="ft" time="0.011"/>
  <system-out>
    <![CDATA[FTC is executing!!!]]>
  </system-out>
  <testcase classname="testNgFlags.Flag4" name="ft" time="0.001"/>
  <system-out>
    <![CDATA[FTC is executing!!!]]>
  </system-out>
  <testcase classname="testNgFlags.Flag4" name="ft" time="0.001"/>
  <system-out>
    <![CDATA[FTC is executing!!!]]>
  </system-out>
  <testcase classname="testNgFlags.Flag4" name="ft" time="0.000"/>
  <system-out>
    <![CDATA[FTC is executing!!!]]>
  </system-out>
  <testcase classname="testNgFlags.Flag4" name="ft" time="0.001"/>
  <system-out>
    <![CDATA[FTC is executing!!!]]>
  </system-out>
  <testcase classname="testNgFlags.Flag4" name="ft" time="0.000"/>
  <system-out>
    <![CDATA[FTC is executing!!!]]>
  </system-out>
  <testcase classname="testNgFlags.Flag4" name="ft" time="0.002"/>
  <system-out>
    <![CDATA[FTC is executing!!!]]>
  </system-out>
  <testcase classname="testNgFlags.Flag4" name="ft" time="0.000"/>
  <system-out>
    <![CDATA[FTC is executing!!!]]>
  </system-out>
  <testcase classname="testNgFlags.Flag4" name="ft" time="0.001"/>
  <system-out>
    <![CDATA[FTC is executing!!!]]>
  </system-out>
  <testcase classname="testNgFlags.Flag4" name="ft" time="0.001"/>
  <system-out>
    <![CDATA[FTC is executing!!!]]>
  </system-out>
  <testcase classname="testNgFlags.Flag4" name="ft" time="0.001"/>
  <system-out>
    <![CDATA[FTC is executing!!!]]>
  </system-out>
  <testcase classname="testNgFlags.Flag4" name="ft" time="0.008"/>
  <system-out>
    <![CDATA[FTC is executing!!!]]>
  </system-out>
  <testcase classname="testNgFlags.Flag4" name="ft" time="0.000"/>
  <system-out>
    <![CDATA[FTC is executing!!!]]>
  </system-out>
  <testcase classname="testNgFlags.Flag4" name="ft" time="0.008"/>
  <system-out>
    <![CDATA[FTC is executing!!!]]>
  </system-out>
  <testcase classname="testNgFlags.Flag4" name="ft" time="0.000"/>
  <system-out>
    <![CDATA[FTC is executing!!!]]>
  </system-out>
  <testcase classname="testNgFlags.Flag4" name="ft" time="0.000"/>
  <system-out>
    <![CDATA[FTC is executing!!!]]>
  </system-out>
  <testcase classname="testNgFlags.Flag4" name="ft" time="0.001"/>
  <system-out>
    <![CDATA[FTC is executing!!!]]>
  </system-out>
  <testcase classname="testNgFlags.Flag4" name="ft" time="0.001"/>
  <system-out>
    <![CDATA[FTC is executing!!!]]>
  </system-out>
  <testcase classname="testNgFlags.Flag4" name="ft" time="0.000"/>
  <system-out>
    <![CDATA[FTC is executing!!!]]>
  </system-out>
  <testcase classname="testNgFlags.Flag4" name="ft" time="0.001"/>
  <system-out>
    <![CDATA[FTC is executing!!!]]>
  </system-out>
  <testcase classname="testNgFlags.Flag4" name="ft" time="0.001"/>
  <system-out>
    <![CDATA[FTC is executing!!!]]>
  </system-out>
  <testcase classname="testNgFlags.Flag4" name="ft" time="0.003"/>
  <system-out>
    <![CDATA[FTC is executing!!!]]>
  </system-out>
  <testcase classname="testNgFlags.Flag4" name="ft" time="0.003"/>
  <system-out>
    <![CDATA[FTC is executing!!!]]>
  </system-out>
  <testcase classname="testNgFlags.Flag4" name="ft" time="0.001"/>
  <system-out>
    <![CDATA[FTC is executing!!!]]>
  </system-out>
  <testcase classname="testNgFlags.Flag4" name="ft" time="0.006"/>
  <system-out>
    <![CDATA[FTC is executing!!!]]>
  </system-out>
  <testcase classname="testNgFlags.Flag4" name="ft" time="0.006"/>
  <system-out>
    <![CDATA[FTC is executing!!!]]>
  </system-out>
  <testcase classname="testNgFlags.Flag4" name="ft" time="0.000"/>
  <system-out>
    <![CDATA[FTC is executing!!!]]>
  </system-out>
  <testcase classname="testNgFlags.Flag4" name="ft" time="0.001"/>
  <system-out>
    <![CDATA[FTC is executing!!!]]>
  </system-out>
  <testcase classname="testNgFlags.Flag4" name="ft" time="0.002"/>
  <system-out>
    <![CDATA[FTC is executing!!!]]>
  </system-out>
  <testcase classname="testNgFlags.Flag4" name="ft" time="0.000"/>
  <system-out>
    <![CDATA[FTC is executing!!!]]>
  </system-out>
  <testcase classname="testNgFlags.Flag4" name="ft" time="0.000"/>
  <system-out>
    <![CDATA[FTC is executing!!!]]>
  </system-out>
  <testcase classname="testNgFlags.Flag4" name="ft" time="0.000"/>
  <system-out>
    <![CDATA[FTC is executing!!!]]>
  </system-out>
  <testcase classname="testNgFlags.Flag4" name="ft" time="0.006"/>
  <system-out>
    <![CDATA[FTC is executing!!!]]>
  </system-out>
  <testcase classname="testNgFlags.Flag4" name="ft" time="0.001"/>
  <system-out>
    <![CDATA[FTC is executing!!!]]>
  </system-out>
  <testcase classname="testNgFlags.Flag4" name="ft" time="0.001"/>
  <system-out>
    <![CDATA[FTC is executing!!!]]>
  </system-out>
  <testcase classname="testNgFlags.Flag4" name="ft" time="0.001"/>
  <system-out>
    <![CDATA[FTC is executing!!!]]>
  </system-out>
  <testcase classname="testNgFlags.Flag4" name="ft" time="0.001"/>
  <system-out>
    <![CDATA[FTC is executing!!!]]>
  </system-out>
  <testcase classname="testNgFlags.Flag4" name="ft" time="0.001"/>
  <system-out>
    <![CDATA[FTC is executing!!!]]>
  </system-out>
  <testcase classname="testNgFlags.Flag4" name="ft" time="0.002"/>
  <system-out>
    <![CDATA[FTC is executing!!!]]>
  </system-out>
  <testcase classname="testNgFlags.Flag4" name="ft" time="0.000"/>
  <system-out>
    <![CDATA[FTC is executing!!!]]>
  </system-out>
  <testcase classname="testNgFlags.Flag4" name="ft" time="0.002"/>
  <system-out>
    <![CDATA[FTC is executing!!!]]>
  </system-out>
  <testcase classname="testNgFlags.Flag4" name="ft" time="0.002"/>
  <system-out>
    <![CDATA[FTC is executing!!!]]>
  </system-out>
  <testcase classname="testNgFlags.Flag4" name="ft" time="0.001"/>
  <system-out>
    <![CDATA[FTC is executing!!!]]>
  </system-out>
  <testcase classname="testNgFlags.Flag4" name="ft" time="0.004"/>
  <system-out>
    <![CDATA[FTC is executing!!!]]>
  </system-out>
  <testcase classname="testNgFlags.Flag4" name="ft" time="0.001"/>
  <system-out>
    <![CDATA[FTC is executing!!!]]>
  </system-out>
  <testcase classname="testNgFlags.Flag4" name="ft" time="0.001"/>
  <system-out>
    <![CDATA[FTC is executing!!!]]>
  </system-out>
  <testcase classname="testNgFlags.Flag4" name="ft" time="0.006"/>
  <system-out>
    <![CDATA[FTC is executing!!!]]>
  </system-out>
  <testcase classname="testNgFlags.Flag4" name="ft" time="0.001"/>
  <system-out>
    <![CDATA[FTC is executing!!!]]>
  </system-out>
  <testcase classname="testNgFlags.Flag4" name="ft" time="0.004"/>
  <system-out>
    <![CDATA[FTC is executing!!!]]>
  </system-out>
  <testcase classname="testNgFlags.Flag4" name="ft" time="0.032"/>
  <system-out>
    <![CDATA[FTC is executing!!!]]>
  </system-out>
  <testcase classname="testNgFlags.Flag4" name="ft" time="0.001"/>
  <system-out>
    <![CDATA[FTC is executing!!!]]>
  </system-out>
  <testcase classname="testNgFlags.Flag4" name="ft" time="0.001"/>
  <system-out>
    <![CDATA[FTC is executing!!!]]>
  </system-out>
  <testcase classname="testNgFlags.Flag4" name="ft" time="0.000"/>
  <system-out>
    <![CDATA[FTC is executing!!!]]>
  </system-out>
  <testcase classname="testNgFlags.Flag4" name="ft" time="0.000"/>
  <system-out>
    <![CDATA[FTC is executing!!!]]>
  </system-out>
  <testcase classname="testNgFlags.Flag4" name="ft" time="0.009"/>
  <system-out>
    <![CDATA[FTC is executing!!!]]>
  </system-out>
  <testcase classname="testNgFlags.Flag4" name="ft" time="0.001"/>
  <system-out>
    <![CDATA[FTC is executing!!!]]>
  </system-out>
  <testcase classname="testNgFlags.Flag4" name="ft" time="0.002"/>
  <system-out>
    <![CDATA[FTC is executing!!!]]>
  </system-out>
  <testcase classname="testNgFlags.Flag4" name="ft" time="0.000"/>
  <system-out>
    <![CDATA[FTC is executing!!!]]>
  </system-out>
  <testcase classname="testNgFlags.Flag4" name="ft" time="0.001"/>
  <system-out>
    <![CDATA[FTC is executing!!!]]>
  </system-out>
  <testcase classname="testNgFlags.Flag4" name="ft" time="0.001"/>
  <system-out>
    <![CDATA[FTC is executing!!!]]>
  </system-out>
  <testcase classname="testNgFlags.Flag4" name="ft" time="0.003"/>
  <system-out>
    <![CDATA[FTC is executing!!!]]>
  </system-out>
  <testcase classname="testNgFlags.Flag4" name="ft" time="0.002"/>
  <system-out>
    <![CDATA[FTC is executing!!!]]>
  </system-out>
  <testcase classname="testNgFlags.Flag4" name="ft" time="0.002"/>
  <system-out>
    <![CDATA[FTC is executing!!!]]>
  </system-out>
  <testcase classname="testNgFlags.Flag4" name="ft" time="0.000"/>
  <system-out>
    <![CDATA[FTC is executing!!!]]>
  </system-out>
  <testcase classname="testNgFlags.Flag4" name="ft" time="0.001"/>
  <system-out>
    <![CDATA[FTC is executing!!!]]>
  </system-out>
  <testcase classname="testNgFlags.Flag4" name="ft" time="0.001"/>
  <system-out>
    <![CDATA[FTC is executing!!!]]>
  </system-out>
  <testcase classname="testNgFlags.Flag4" name="ft" time="0.003"/>
  <system-out>
    <![CDATA[FTC is executing!!!]]>
  </system-out>
  <testcase classname="testNgFlags.Flag4" name="ft" time="0.004"/>
  <system-out>
    <![CDATA[FTC is executing!!!]]>
  </system-out>
  <testcase classname="testNgFlags.Flag4" name="ft" time="0.003"/>
  <system-out>
    <![CDATA[FTC is executing!!!]]>
  </system-out>
  <testcase classname="testNgFlags.Flag4" name="ft" time="0.002"/>
  <system-out>
    <![CDATA[FTC is executing!!!]]>
  </system-out>
  <testcase classname="testNgFlags.Flag4" name="ft" time="0.004"/>
  <system-out>
    <![CDATA[FTC is executing!!!]]>
  </system-out>
  <testcase classname="testNgFlags.Flag4" name="ft" time="0.002"/>
  <system-out>
    <![CDATA[FTC is executing!!!]]>
  </system-out>
  <testcase classname="testNgFlags.Flag4" name="ft" time="0.001"/>
  <system-out>
    <![CDATA[FTC is executing!!!]]>
  </system-out>
  <testcase classname="testNgFlags.Flag4" name="ft" time="0.011"/>
  <system-out>
    <![CDATA[FTC is executing!!!]]>
  </system-out>
  <testcase classname="testNgFlags.Flag4" name="ft" time="0.000"/>
  <system-out>
    <![CDATA[FTC is executing!!!]]>
  </system-out>
  <testcase classname="testNgFlags.Flag4" name="ft" time="0.003"/>
  <system-out>
    <![CDATA[FTC is executing!!!]]>
  </system-out>
  <testcase classname="testNgFlags.Flag4" name="ft" time="0.002"/>
  <system-out>
    <![CDATA[FTC is executing!!!]]>
  </system-out>
  <testcase classname="testNgFlags.Flag4" name="ft" time="0.001"/>
  <system-out>
    <![CDATA[FTC is executing!!!]]>
  </system-out>
  <testcase classname="testNgFlags.Flag4" name="ft" time="0.000"/>
  <system-out>
    <![CDATA[FTC is executing!!!]]>
  </system-out>
</testsuite> <!-- testNgFlags.Flag4 -->
