<?xml version="1.0" encoding="UTF-8"?>
<!-- Generated by org.testng.reporters.JUnitXMLReporter -->
<testsuite ignored="0" hostname="hp" failures="0" tests="18" name="Test" time="0.333" errors="0" timestamp="2023-03-30T22:43:57 IST">
  <testcase classname="testNgFlags.GroupExecution" name="ft1" time="0.02"/>
  <testcase classname="testNgFlags.GroupExecution" name="ft2" time="0.008"/>
  <testcase classname="testNgFlags.GroupExecution" name="ft3" time="0.004"/>
  <testcase classname="testNgFlags.GroupExecution" name="ft4" time="0.007"/>
  <testcase classname="testNgFlags.GroupExecution" name="ft5" time="0.004"/>
  <testcase classname="testNgFlags.GroupExecution" name="ft6" time="0.003"/>
  <testcase classname="testNgFlags.GroupExecution" name="it1" time="0.002"/>
  <testcase classname="testNgFlags.GroupExecution" name="it2" time="0.002"/>
  <testcase classname="testNgFlags.GroupExecution" name="it3" time="0.002"/>
  <testcase classname="testNgFlags.GroupExecution" name="it4" time="0.003"/>
  <testcase classname="testNgFlags.GroupExecution" name="it5" time="0.004"/>
  <testcase classname="testNgFlags.GroupExecution" name="it6" time="0.002"/>
  <testcase classname="testNgFlags.GroupExecution" name="st1" time="0.003"/>
  <testcase classname="testNgFlags.GroupExecution" name="st2" time="0.008"/>
  <testcase classname="testNgFlags.GroupExecution" name="st3" time="0.005"/>
  <testcase classname="testNgFlags.GroupExecution" name="st4" time="0.011"/>
  <testcase classname="testNgFlags.GroupExecution" name="st5" time="0.015"/>
  <testcase classname="testNgFlags.GroupExecution" name="st6" time="0.001"/>
</testsuite> <!-- Test -->
